2025-07-01 23:50:49.732 | INFO     | crud:update_record:43 - Update record: 11
2025-07-01 23:50:50.212 | INFO     | crud:update_record:43 - Update record: 10
2025-07-01 23:50:50.779 | INFO     | crud:update_record:43 - Update record: 9
2025-07-01 23:50:51.176 | INFO     | crud:update_record:43 - Update record: 8
2025-07-01 23:50:51.558 | INFO     | crud:update_record:43 - Update record: 7
2025-07-01 23:50:52.052 | INFO     | crud:update_record:43 - Update record: 6
2025-07-01 23:50:52.232 | INFO     | crud:update_record:43 - Update record: 5
2025-07-01 23:50:52.393 | INFO     | crud:update_record:43 - Update record: 4
2025-07-01 23:50:52.533 | INFO     | crud:update_record:43 - Update record: 3
2025-07-01 23:50:54.372 | INFO     | crud:update_record:43 - Update record: 4
2025-07-01 23:50:55.039 | INFO     | crud:update_record:43 - Update record: 5
2025-07-01 23:50:55.475 | INFO     | crud:update_record:43 - Update record: 6
2025-07-01 23:50:55.973 | INFO     | crud:update_record:43 - Update record: 7
2025-07-01 23:50:56.485 | INFO     | crud:update_record:43 - Update record: 8
2025-07-01 23:50:56.861 | INFO     | crud:update_record:43 - Update record: 9
2025-07-01 23:50:57.330 | INFO     | crud:update_record:43 - Update record: 10
2025-07-01 23:50:57.771 | INFO     | crud:update_record:43 - Update record: 11
2025-07-01 23:50:58.312 | INFO     | crud:update_record:43 - Update record: 12
2025-07-01 23:51:01.831 | INFO     | crud:update_record:43 - Update record: 1
2025-07-01 23:51:03.890 | INFO     | crud:update_record:43 - Update record: 0
2025-07-01 23:51:04.951 | INFO     | crud:update_record:43 - Update record: 1
2025-07-01 23:51:05.789 | INFO     | crud:update_record:43 - Update record: 1
2025-07-01 23:51:06.314 | INFO     | crud:update_record:43 - Update record: 0
2025-07-01 23:51:07.374 | INFO     | crud:update_record:43 - Update record: 0
2025-07-01 23:51:08.121 | INFO     | crud:update_record:43 - Update record: 1
2025-07-01 23:51:08.688 | INFO     | crud:update_record:43 - Update record: 0
2025-07-01 23:51:09.247 | INFO     | crud:update_record:43 - Update record: 1
2025-07-01 23:51:10.566 | INFO     | crud:update_record:43 - Update record: 0
2025-07-01 23:51:13.010 | INFO     | crud:update_record:43 - Update record: 1
2025-07-01 23:51:18.434 | INFO     | crud:update_record:43 - Update record: 1
2025-07-01 23:51:19.284 | INFO     | crud:update_record:43 - Update record: 0
2025-07-01 23:51:45.079 | INFO     | crud:update_record:43 - Update record: 0
2025-07-01 23:51:46.250 | INFO     | crud:update_record:43 - Update record: 0
2025-07-01 23:51:51.149 | INFO     | crud:update_record:43 - Update record: 1
2025-07-01 23:51:55.182 | INFO     | crud:update_record:43 - Update record: 1
2025-07-01 23:52:03.680 | INFO     | crud:update_record:43 - Update record: 0
2025-07-01 23:52:04.679 | INFO     | crud:update_record:43 - Update record: 1
2025-07-01 23:52:17.144 | INFO     | crud:update_record:43 - Update record: 1
2025-07-01 23:52:17.789 | INFO     | crud:update_record:43 - Update record: 0
2025-07-01 23:52:18.515 | INFO     | crud:update_record:43 - Update record: 1
2025-07-01 23:52:19.176 | INFO     | crud:update_record:43 - Update record: 1
2025-07-01 23:52:20.137 | INFO     | crud:update_record:43 - Update record: 0
2025-07-01 23:52:20.461 | INFO     | crud:update_record:43 - Update record: 1
2025-07-01 23:54:03.377 | INFO     | crud:update_record:43 - Update record: 1
2025-07-01 23:54:03.922 | INFO     | crud:update_record:43 - Update record: 1
2025-07-01 23:54:04.342 | INFO     | crud:update_record:43 - Update record: 1
2025-07-01 23:54:04.518 | INFO     | crud:update_record:43 - Update record: 1
2025-07-01 23:54:04.712 | INFO     | crud:update_record:43 - Update record: 1
2025-07-01 23:54:07.544 | INFO     | crud:update_record:43 - Update record: 1
2025-07-01 23:54:09.531 | INFO     | crud:update_record:43 - Update record: 0
2025-07-01 23:54:10.720 | INFO     | crud:update_record:43 - Update record: 0
2025-07-01 23:54:12.061 | INFO     | crud:update_record:43 - Update record: 1
2025-07-01 23:54:30.638 | INFO     | crud:update_record:43 - Update record: 1
2025-07-01 23:54:31.531 | INFO     | crud:update_record:43 - Update record: 0
2025-07-01 23:54:32.913 | INFO     | crud:update_record:43 - Update record: 1
2025-07-01 23:55:25.121 | INFO     | crud:update_record:43 - Update record: 1
2025-07-01 23:55:26.460 | INFO     | crud:update_record:43 - Update record: 0
2025-07-01 23:55:31.393 | INFO     | crud:update_record:43 - Update record: 1
2025-07-01 23:55:34.672 | INFO     | crud:update_record:43 - Update record: 0
2025-07-01 23:55:41.168 | INFO     | crud:update_record:43 - Update record: 1
2025-07-01 23:55:41.531 | INFO     | crud:update_record:43 - Update record: 1
2025-07-01 23:55:47.221 | INFO     | crud:update_record:43 - Update record: 1
2025-07-01 23:55:51.465 | INFO     | crud:update_record:43 - Update record: 1
2025-07-01 23:55:53.511 | INFO     | crud:update_record:43 - Update record: 0
2025-07-01 23:55:55.259 | INFO     | crud:update_record:43 - Update record: 1
2025-07-01 23:55:55.903 | INFO     | crud:update_record:43 - Update record: 0
2025-07-01 23:55:56.735 | INFO     | crud:update_record:43 - Update record: 0
2025-07-01 23:55:57.304 | INFO     | crud:update_record:43 - Update record: 1
2025-07-01 23:55:57.875 | INFO     | crud:update_record:43 - Update record: 0
2025-07-01 23:55:58.436 | INFO     | crud:update_record:43 - Update record: 1
2025-07-01 23:55:58.945 | INFO     | crud:update_record:43 - Update record: 0
2025-07-01 23:55:59.781 | INFO     | crud:update_record:43 - Update record: 1
2025-07-01 23:56:02.012 | INFO     | crud:update_record:43 - Update record: 0
2025-07-01 23:56:37.579 | INFO     | crud:update_record:43 - Update record: 1
2025-07-01 23:56:38.059 | INFO     | crud:update_record:43 - Update record: 0
2025-07-01 23:56:38.644 | INFO     | crud:update_record:43 - Update record: 1
2025-07-01 23:56:38.939 | INFO     | crud:update_record:43 - Update record: 0
2025-07-01 23:56:41.871 | INFO     | crud:update_record:43 - Update record: 1
2025-07-01 23:56:41.979 | INFO     | crud:update_record:43 - Update record: 0
2025-07-01 23:56:41.993 | INFO     | crud:update_record:43 - Update record: 1
2025-07-01 23:56:42.180 | INFO     | crud:update_record:43 - Update record: 0
2025-07-01 23:56:44.851 | INFO     | crud:update_record:43 - Update record: 1
2025-07-01 23:56:45.503 | INFO     | crud:update_record:43 - Update record: 0
2025-07-01 23:56:46.432 | INFO     | crud:update_record:43 - Update record: 1
2025-07-01 23:57:22.092 | INFO     | crud:update_record:43 - Update record: 0
2025-07-01 23:57:25.230 | INFO     | crud:update_record:43 - Update record: 0
2025-07-01 23:57:26.003 | INFO     | crud:update_record:43 - Update record: 0
2025-07-01 23:57:26.484 | INFO     | crud:update_record:43 - Update record: 0
2025-07-01 23:57:41.769 | INFO     | crud:update_record:43 - Update record: 13
2025-07-01 23:57:48.821 | INFO     | crud:update_record:43 - Update record: 14
2025-07-01 23:58:08.247 | INFO     | crud:update_record:43 - Update record: 13
2025-07-01 23:58:08.930 | INFO     | crud:update_record:43 - Update record: 1
2025-07-01 23:58:10.029 | INFO     | crud:update_record:43 - Update record: 0
2025-07-01 23:58:10.979 | INFO     | crud:update_record:43 - Update record: 1
2025-07-01 23:58:13.300 | INFO     | crud:update_record:43 - Update record: 0
2025-07-01 23:58:14.061 | INFO     | crud:update_record:43 - Update record: 1
2025-07-01 23:58:21.167 | INFO     | crud:update_record:43 - Update record: 1
2025-07-01 23:58:30.087 | INFO     | crud:update_record:43 - Update record: 1
2025-07-01 23:58:41.239 | INFO     | crud:update_record:43 - Update record: 1
2025-07-01 23:58:42.991 | INFO     | crud:update_record:43 - Update record: 1
2025-07-01 23:58:43.814 | INFO     | crud:update_record:43 - Update record: 1
2025-07-02 00:02:52.847 | INFO     | crud:update_record:43 - Update record: 1
2025-07-02 00:02:53.351 | INFO     | crud:update_record:43 - Update record: 0
2025-07-02 00:02:54.242 | INFO     | crud:update_record:43 - Update record: 1
2025-07-02 00:02:54.935 | INFO     | crud:update_record:43 - Update record: 0
2025-07-02 00:02:59.817 | INFO     | crud:update_record:43 - Update record: 1
2025-07-02 00:03:01.946 | INFO     | crud:update_record:43 - Update record: 0
2025-07-02 00:03:02.839 | INFO     | crud:update_record:43 - Update record: 1
2025-07-02 00:03:03.845 | INFO     | crud:update_record:43 - Update record: 0
2025-07-02 00:03:11.113 | INFO     | crud:update_record:43 - Update record: 0
2025-07-02 00:03:12.575 | INFO     | crud:update_record:43 - Update record: 1
2025-07-02 00:03:13.187 | INFO     | crud:update_record:43 - Update record: 0
2025-07-02 00:03:14.506 | INFO     | crud:update_record:43 - Update record: 1
2025-07-02 00:04:33.284 | INFO     | crud:update_record:43 - Update record: 0
2025-07-02 00:04:33.794 | INFO     | crud:update_record:43 - Update record: 1
2025-07-02 00:04:34.692 | INFO     | crud:update_record:43 - Update record: 1
2025-07-02 00:04:35.215 | INFO     | crud:update_record:43 - Update record: 0
2025-07-02 00:05:11.399 | INFO     | crud:update_record:43 - Update record: 1
2025-07-02 00:05:12.453 | INFO     | crud:update_record:43 - Update record: 1
2025-07-02 00:05:12.903 | INFO     | crud:update_record:43 - Update record: 0
2025-07-02 00:06:01.866 | INFO     | crud:update_record:43 - Update record: 1
2025-07-02 00:06:03.354 | INFO     | crud:update_record:43 - Update record: 1
2025-07-02 00:06:04.052 | INFO     | crud:update_record:43 - Update record: 0
2025-07-02 00:06:05.021 | INFO     | crud:update_record:43 - Update record: 1
2025-07-02 00:06:05.706 | INFO     | crud:update_record:43 - Update record: 0
2025-07-02 00:06:06.586 | INFO     | crud:update_record:43 - Update record: 1
2025-07-02 00:06:21.465 | INFO     | crud:update_record:43 - Update record: 1
2025-07-02 00:06:22.057 | INFO     | crud:update_record:43 - Update record: 0
2025-07-02 00:06:23.990 | INFO     | crud:update_record:43 - Update record: 1
2025-07-02 00:06:26.554 | INFO     | crud:update_record:43 - Update record: 0
2025-07-02 00:06:27.255 | INFO     | crud:update_record:43 - Update record: 1
2025-07-02 00:06:27.823 | INFO     | crud:update_record:43 - Update record: 0
2025-07-02 00:06:53.707 | INFO     | crud:update_record:43 - Update record: 1
2025-07-02 00:06:54.139 | INFO     | crud:update_record:43 - Update record: 1
2025-07-02 00:06:54.486 | INFO     | crud:update_record:43 - Update record: 0
2025-07-02 00:07:09.101 | INFO     | crud:update_record:43 - Update record: 0
2025-07-02 00:07:10.492 | INFO     | crud:update_record:43 - Update record: 1
2025-07-02 00:07:11.161 | INFO     | crud:update_record:43 - Update record: 1
2025-07-02 00:07:12.817 | INFO     | crud:update_record:43 - Update record: 1
2025-07-02 00:07:13.320 | INFO     | crud:update_record:43 - Update record: 0
2025-07-02 00:07:14.230 | INFO     | crud:update_record:43 - Update record: 0
2025-07-02 00:07:14.805 | INFO     | crud:update_record:43 - Update record: 0
2025-07-02 00:07:15.371 | INFO     | crud:update_record:43 - Update record: 1
2025-07-02 00:07:16.047 | INFO     | crud:update_record:43 - Update record: 0
2025-07-02 00:07:16.505 | INFO     | crud:update_record:43 - Update record: 1
2025-07-02 00:07:17.421 | INFO     | crud:update_record:43 - Update record: 0
2025-07-02 00:07:22.757 | INFO     | crud:update_record:43 - Update record: 1
2025-07-02 00:07:22.763 | INFO     | crud:update_record:43 - Update record: 0
2025-07-02 00:07:22.777 | INFO     | crud:update_record:43 - Update record: 0
2025-07-02 00:07:28.634 | INFO     | crud:update_record:43 - Update record: 1
2025-07-02 00:07:45.978 | INFO     | crud:update_record:43 - Update record: 0
2025-07-02 00:07:46.608 | INFO     | crud:update_record:43 - Update record: 1
2025-07-02 00:07:50.533 | INFO     | crud:update_record:43 - Update record: 0
2025-07-02 00:07:56.705 | INFO     | crud:update_record:43 - Update record: 0
2025-07-02 00:08:42.377 | INFO     | crud:update_record:43 - Update record: 1
2025-07-02 00:09:04.500 | INFO     | crud:update_record:43 - Update record: 0
2025-07-02 00:09:05.924 | INFO     | crud:update_record:43 - Update record: 1
2025-07-02 00:09:06.495 | INFO     | crud:update_record:43 - Update record: 0
2025-07-02 00:09:06.946 | INFO     | crud:update_record:43 - Update record: 1
2025-07-02 00:09:07.427 | INFO     | crud:update_record:43 - Update record: 0
2025-07-02 00:09:07.921 | INFO     | crud:update_record:43 - Update record: 1
2025-07-02 00:09:08.427 | INFO     | crud:update_record:43 - Update record: 0
2025-07-02 00:09:08.882 | INFO     | crud:update_record:43 - Update record: 1
2025-07-02 00:09:09.400 | INFO     | crud:update_record:43 - Update record: 0
2025-07-02 00:09:21.848 | INFO     | crud:update_record:43 - Update record: 1
2025-07-02 00:09:22.667 | INFO     | crud:update_record:43 - Update record: 0
2025-07-02 00:09:23.410 | INFO     | crud:update_record:43 - Update record: 1
2025-07-02 00:09:23.870 | INFO     | crud:update_record:43 - Update record: 0
2025-07-02 00:09:24.266 | INFO     | crud:update_record:43 - Update record: 0
2025-07-02 00:09:24.734 | INFO     | crud:update_record:43 - Update record: 1
2025-07-02 00:09:25.550 | INFO     | crud:update_record:43 - Update record: 0
2025-07-02 00:09:26.452 | INFO     | crud:update_record:43 - Update record: 1
2025-07-02 00:09:28.117 | INFO     | crud:update_record:43 - Update record: 0
2025-07-02 00:09:29.314 | INFO     | crud:update_record:43 - Update record: 1
2025-07-02 00:09:45.787 | INFO     | crud:update_record:43 - Update record: 1
2025-07-02 00:09:46.452 | INFO     | crud:update_record:43 - Update record: 0
2025-07-02 00:09:52.240 | INFO     | crud:update_record:43 - Update record: 0
2025-07-02 00:09:53.059 | INFO     | crud:update_record:43 - Update record: 1
2025-07-02 00:09:53.953 | INFO     | crud:update_record:43 - Update record: 0
2025-07-02 00:12:11.071 | INFO     | crud:update_record:43 - Update record: 0
2025-07-02 00:12:11.745 | INFO     | crud:update_record:43 - Update record: 1
2025-07-02 00:12:13.233 | INFO     | crud:update_record:43 - Update record: 0
2025-07-02 00:12:15.539 | INFO     | crud:update_record:43 - Update record: 1
2025-07-02 00:17:18.864 | INFO     | crud:update_record:43 - Update record: 1
2025-07-02 00:17:19.461 | INFO     | crud:update_record:43 - Update record: 1
2025-07-02 00:17:22.725 | INFO     | crud:update_record:43 - Update record: 0
2025-07-02 00:17:23.877 | INFO     | crud:update_record:43 - Update record: 1
2025-07-02 00:17:24.675 | INFO     | crud:update_record:43 - Update record: 0
2025-07-02 00:17:25.315 | INFO     | crud:update_record:43 - Update record: 1
2025-07-02 00:17:25.887 | INFO     | crud:update_record:43 - Update record: 0
2025-07-02 00:17:28.190 | INFO     | crud:update_record:43 - Update record: 1
2025-07-02 00:17:53.431 | INFO     | crud:update_record:43 - Update record: 1
2025-07-02 00:17:53.770 | INFO     | crud:update_record:43 - Update record: 0
2025-07-02 00:17:54.594 | INFO     | crud:update_record:43 - Update record: 1
2025-07-02 00:17:56.579 | INFO     | crud:update_record:43 - Update record: 0
2025-07-02 00:18:09.425 | INFO     | crud:update_record:43 - Update record: 1
2025-07-02 00:18:10.439 | INFO     | crud:update_record:43 - Update record: 1
2025-07-02 00:18:10.996 | INFO     | crud:update_record:43 - Update record: 0
2025-07-02 00:18:12.904 | INFO     | crud:update_record:43 - Update record: 1
2025-07-02 00:18:17.242 | INFO     | crud:update_record:43 - Update record: 0
2025-07-02 00:18:26.712 | INFO     | crud:update_record:43 - Update record: 0
2025-07-02 00:18:27.160 | INFO     | crud:update_record:43 - Update record: 1
2025-07-02 00:18:27.618 | INFO     | crud:update_record:43 - Update record: 0
2025-07-02 00:18:28.019 | INFO     | crud:update_record:43 - Update record: 1
2025-07-02 00:18:28.414 | INFO     | crud:update_record:43 - Update record: 0
2025-07-02 00:18:28.894 | INFO     | crud:update_record:43 - Update record: 1
2025-07-02 00:18:29.302 | INFO     | crud:update_record:43 - Update record: 0
2025-07-02 00:18:30.734 | INFO     | crud:update_record:43 - Update record: 1
2025-07-02 00:31:31.884 | INFO     | crud:update_record:43 - Update record: 1
2025-07-02 00:31:32.745 | INFO     | crud:update_record:43 - Update record: 1
2025-07-02 00:31:33.492 | INFO     | crud:update_record:43 - Update record: 0
2025-07-02 00:31:34.365 | INFO     | crud:update_record:43 - Update record: 1
2025-07-02 00:31:35.102 | INFO     | crud:update_record:43 - Update record: 1
2025-07-02 00:31:35.434 | INFO     | crud:update_record:43 - Update record: 0
2025-07-02 00:31:49.439 | INFO     | crud:update_record:43 - Update record: 1
2025-07-02 00:31:51.886 | INFO     | crud:update_record:43 - Update record: 0
2025-07-02 00:31:57.987 | INFO     | crud:update_record:43 - Update record: 0
2025-07-02 00:31:59.126 | INFO     | crud:update_record:43 - Update record: 1
2025-07-02 00:31:59.802 | INFO     | crud:update_record:43 - Update record: 0
2025-07-02 00:32:00.251 | INFO     | crud:update_record:43 - Update record: 1
2025-07-02 00:32:00.832 | INFO     | crud:update_record:43 - Update record: 0
2025-07-02 00:32:01.367 | INFO     | crud:update_record:43 - Update record: 1
2025-07-02 00:32:04.061 | INFO     | crud:update_record:43 - Update record: 0
2025-07-02 00:32:04.695 | INFO     | crud:update_record:43 - Update record: 1
2025-07-02 00:32:05.252 | INFO     | crud:update_record:43 - Update record: 1
2025-07-02 00:32:05.861 | INFO     | crud:update_record:43 - Update record: 0
2025-07-02 00:32:06.402 | INFO     | crud:update_record:43 - Update record: 1
2025-07-02 00:32:07.529 | INFO     | crud:update_record:43 - Update record: 0
2025-07-02 00:32:08.014 | INFO     | crud:update_record:43 - Update record: 0
2025-07-02 00:32:08.926 | INFO     | crud:update_record:43 - Update record: 1
2025-07-02 00:33:52.928 | INFO     | crud:update_record:43 - Update record: 1
2025-07-02 00:38:17.713 | INFO     | crud:update_record:43 - Update record: 1
2025-07-02 00:38:18.523 | INFO     | crud:update_record:43 - Update record: 0
2025-07-02 00:38:19.238 | INFO     | crud:update_record:43 - Update record: 1
2025-07-02 00:38:19.715 | INFO     | crud:update_record:43 - Update record: 0
2025-07-02 00:38:20.155 | INFO     | crud:update_record:43 - Update record: 0
2025-07-02 00:38:20.642 | INFO     | crud:update_record:43 - Update record: 1
2025-07-02 00:38:21.584 | INFO     | crud:update_record:43 - Update record: 0
2025-07-02 00:38:23.022 | INFO     | crud:update_record:43 - Update record: 1
2025-07-02 00:38:23.762 | INFO     | crud:update_record:43 - Update record: 0
2025-07-02 00:38:24.270 | INFO     | crud:update_record:43 - Update record: 1
2025-07-02 00:38:24.815 | INFO     | crud:update_record:43 - Update record: 0
2025-07-02 00:38:51.803 | INFO     | crud:update_record:43 - Update record: 1
2025-07-02 00:38:52.274 | INFO     | crud:update_record:43 - Update record: 1
2025-07-02 00:39:25.745 | INFO     | crud:update_habit:33 - Update habit
2025-07-02 00:39:25.745 | INFO     | crud:update_habit:35 - name
2025-07-02 00:39:25.746 | INFO     | crud:update_habit:35 - type
2025-07-02 00:39:25.746 | INFO     | crud:update_habit:35 - polarity
2025-07-02 00:39:25.746 | INFO     | crud:update_habit:35 - start_value
2025-07-02 00:39:25.746 | INFO     | crud:update_habit:35 - target
2025-07-02 00:39:25.746 | INFO     | crud:update_habit:35 - period
2025-07-02 00:39:25.747 | INFO     | crud:update_habit:35 - active
2025-07-02 00:39:27.294 | INFO     | crud:update_record:43 - Update record: 0
2025-07-02 00:39:27.936 | INFO     | crud:update_record:43 - Update record: 1
2025-07-02 00:39:28.394 | INFO     | crud:update_record:43 - Update record: 0
2025-07-02 00:39:28.930 | INFO     | crud:update_record:43 - Update record: 1
2025-07-02 00:39:29.241 | INFO     | crud:update_record:43 - Update record: 0
2025-07-02 00:39:29.682 | INFO     | crud:update_record:43 - Update record: 1
2025-07-02 00:39:30.187 | INFO     | crud:update_record:43 - Update record: 0
2025-07-02 00:39:30.634 | INFO     | crud:update_record:43 - Update record: 1
2025-07-02 00:39:33.508 | INFO     | crud:update_habit:33 - Update habit
2025-07-02 00:39:33.508 | INFO     | crud:update_habit:35 - name
2025-07-02 00:39:33.509 | INFO     | crud:update_habit:35 - type
2025-07-02 00:39:33.509 | INFO     | crud:update_habit:35 - polarity
2025-07-02 00:39:33.510 | INFO     | crud:update_habit:35 - start_value
2025-07-02 00:39:33.510 | INFO     | crud:update_habit:35 - target
2025-07-02 00:39:33.510 | INFO     | crud:update_habit:35 - period
2025-07-02 00:39:33.511 | INFO     | crud:update_habit:35 - active
2025-07-02 00:39:36.278 | INFO     | crud:update_record:43 - Update record: 1
2025-07-02 00:39:36.580 | INFO     | crud:update_record:43 - Update record: 0
2025-07-02 00:39:37.240 | INFO     | crud:update_record:43 - Update record: 1
2025-07-02 00:40:04.244 | INFO     | crud:update_habit:33 - Update habit
2025-07-02 00:40:04.244 | INFO     | crud:update_habit:35 - name
2025-07-02 00:40:04.245 | INFO     | crud:update_habit:35 - type
2025-07-02 00:40:04.245 | INFO     | crud:update_habit:35 - polarity
2025-07-02 00:40:04.245 | INFO     | crud:update_habit:35 - start_value
2025-07-02 00:40:04.245 | INFO     | crud:update_habit:35 - target
2025-07-02 00:40:04.245 | INFO     | crud:update_habit:35 - period
2025-07-02 00:40:04.245 | INFO     | crud:update_habit:35 - active
2025-07-02 00:40:05.784 | INFO     | crud:update_habit:33 - Update habit
2025-07-02 00:40:05.784 | INFO     | crud:update_habit:35 - name
2025-07-02 00:40:05.784 | INFO     | crud:update_habit:35 - type
2025-07-02 00:40:05.785 | INFO     | crud:update_habit:35 - polarity
2025-07-02 00:40:05.785 | INFO     | crud:update_habit:35 - start_value
2025-07-02 00:40:05.785 | INFO     | crud:update_habit:35 - target
2025-07-02 00:40:05.785 | INFO     | crud:update_habit:35 - period
2025-07-02 00:40:05.785 | INFO     | crud:update_habit:35 - active
2025-07-02 00:40:08.118 | INFO     | crud:update_habit:33 - Update habit
2025-07-02 00:40:08.118 | INFO     | crud:update_habit:35 - name
2025-07-02 00:40:08.118 | INFO     | crud:update_habit:35 - type
2025-07-02 00:40:08.118 | INFO     | crud:update_habit:35 - polarity
2025-07-02 00:40:08.118 | INFO     | crud:update_habit:35 - start_value
2025-07-02 00:40:08.119 | INFO     | crud:update_habit:35 - target
2025-07-02 00:40:08.119 | INFO     | crud:update_habit:35 - period
2025-07-02 00:40:08.119 | INFO     | crud:update_habit:35 - active
2025-07-02 00:40:21.775 | INFO     | crud:update_habit:33 - Update habit
2025-07-02 00:40:21.776 | INFO     | crud:update_habit:35 - name
2025-07-02 00:40:21.776 | INFO     | crud:update_habit:35 - type
2025-07-02 00:40:21.776 | INFO     | crud:update_habit:35 - polarity
2025-07-02 00:40:21.776 | INFO     | crud:update_habit:35 - start_value
2025-07-02 00:40:21.776 | INFO     | crud:update_habit:35 - target
2025-07-02 00:40:21.776 | INFO     | crud:update_habit:35 - period
2025-07-02 00:40:21.776 | INFO     | crud:update_habit:35 - active
2025-07-02 01:30:21.745 | INFO     | crud:update_record:43 - Update record: 0
2025-07-02 01:30:22.285 | INFO     | crud:update_record:43 - Update record: 1
2025-07-02 01:30:22.794 | INFO     | crud:update_record:43 - Update record: 0
2025-07-02 01:30:23.210 | INFO     | crud:update_record:43 - Update record: 1
2025-07-02 01:43:03.358 | INFO     | crud:update_record:43 - Update record: 12
2025-07-02 01:43:03.939 | INFO     | crud:update_record:43 - Update record: 11
2025-07-02 01:43:04.768 | INFO     | crud:update_record:43 - Update record: 12
2025-07-02 01:43:05.121 | INFO     | crud:update_record:43 - Update record: 13
2025-07-02 01:43:05.402 | INFO     | crud:update_record:43 - Update record: 14
2025-07-02 01:43:05.762 | INFO     | crud:update_record:43 - Update record: 15
2025-07-02 01:43:06.225 | INFO     | crud:update_record:43 - Update record: 14
2025-07-02 01:43:06.500 | INFO     | crud:update_record:43 - Update record: 13
2025-07-02 01:43:06.966 | INFO     | crud:update_record:43 - Update record: 12
2025-07-02 01:52:21.247 | INFO     | crud:update_habit:33 - Update habit
2025-07-02 01:52:21.253 | INFO     | crud:update_habit:35 - name
2025-07-02 01:52:21.253 | INFO     | crud:update_habit:35 - type
2025-07-02 01:52:21.253 | INFO     | crud:update_habit:35 - polarity
2025-07-02 01:52:21.254 | INFO     | crud:update_habit:35 - start_value
2025-07-02 01:52:21.254 | INFO     | crud:update_habit:35 - target
2025-07-02 01:52:21.254 | INFO     | crud:update_habit:35 - period
2025-07-02 01:52:21.254 | INFO     | crud:update_habit:35 - active
2025-07-02 01:52:22.245 | INFO     | crud:update_habit:33 - Update habit
2025-07-02 01:52:22.245 | INFO     | crud:update_habit:35 - name
2025-07-02 01:52:22.245 | INFO     | crud:update_habit:35 - type
2025-07-02 01:52:22.245 | INFO     | crud:update_habit:35 - polarity
2025-07-02 01:52:22.246 | INFO     | crud:update_habit:35 - start_value
2025-07-02 01:52:22.246 | INFO     | crud:update_habit:35 - target
2025-07-02 01:52:22.246 | INFO     | crud:update_habit:35 - period
2025-07-02 01:52:22.246 | INFO     | crud:update_habit:35 - active
2025-07-02 01:52:49.592 | INFO     | crud:update_habit:33 - Update habit
2025-07-02 01:52:49.592 | INFO     | crud:update_habit:35 - name
2025-07-02 01:52:49.592 | INFO     | crud:update_habit:35 - type
2025-07-02 01:52:49.592 | INFO     | crud:update_habit:35 - polarity
2025-07-02 01:52:49.592 | INFO     | crud:update_habit:35 - start_value
2025-07-02 01:52:49.593 | INFO     | crud:update_habit:35 - target
2025-07-02 01:52:49.593 | INFO     | crud:update_habit:35 - period
2025-07-02 01:52:49.593 | INFO     | crud:update_habit:35 - active
2025-07-02 01:52:55.166 | INFO     | crud:update_habit:33 - Update habit
2025-07-02 01:52:55.166 | INFO     | crud:update_habit:35 - name
2025-07-02 01:52:55.166 | INFO     | crud:update_habit:35 - type
2025-07-02 01:52:55.166 | INFO     | crud:update_habit:35 - polarity
2025-07-02 01:52:55.166 | INFO     | crud:update_habit:35 - start_value
2025-07-02 01:52:55.166 | INFO     | crud:update_habit:35 - target
2025-07-02 01:52:55.167 | INFO     | crud:update_habit:35 - period
2025-07-02 01:52:55.167 | INFO     | crud:update_habit:35 - active
2025-07-02 01:54:13.135 | INFO     | crud:update_habit:33 - Update habit
2025-07-02 01:54:13.137 | INFO     | crud:update_habit:35 - name
2025-07-02 01:54:13.137 | INFO     | crud:update_habit:35 - type
2025-07-02 01:54:13.137 | INFO     | crud:update_habit:35 - polarity
2025-07-02 01:54:13.137 | INFO     | crud:update_habit:35 - start_value
2025-07-02 01:54:13.138 | INFO     | crud:update_habit:35 - target
2025-07-02 01:54:13.138 | INFO     | crud:update_habit:35 - period
2025-07-02 01:54:13.138 | INFO     | crud:update_habit:35 - active
2025-07-02 01:55:36.129 | INFO     | crud:update_habit:33 - Update habit
2025-07-02 01:55:36.131 | INFO     | crud:update_habit:35 - name
2025-07-02 01:55:36.131 | INFO     | crud:update_habit:35 - type
2025-07-02 01:55:36.131 | INFO     | crud:update_habit:35 - polarity
2025-07-02 01:55:36.132 | INFO     | crud:update_habit:35 - start_value
2025-07-02 01:55:36.132 | INFO     | crud:update_habit:35 - target
2025-07-02 01:55:36.132 | INFO     | crud:update_habit:35 - period
2025-07-02 01:55:36.132 | INFO     | crud:update_habit:35 - active
2025-07-02 02:04:31.596 | INFO     | crud:update_record:43 - Update record: 11
2025-07-02 02:04:32.727 | INFO     | crud:update_record:43 - Update record: 10
2025-07-02 02:04:33.400 | INFO     | crud:update_record:43 - Update record: 9
2025-07-02 02:04:34.944 | INFO     | crud:update_record:43 - Update record: 8
2025-07-02 02:06:40.125 | INFO     | crud:get_dashboard:12 - [<models.Habit object at 0x7f1743f4b6d0>, <models.Habit object at 0x7f1743f4b670>]
2025-07-02 02:06:43.881 | INFO     | crud:update_record:50 - Update record: 0
2025-07-02 02:06:43.892 | INFO     | crud:get_dashboard:12 - [<models.Habit object at 0x7f1743fab9d0>, <models.Habit object at 0x7f1743faba30>]
2025-07-02 02:06:44.531 | INFO     | crud:update_record:50 - Update record: 1
2025-07-02 02:06:44.540 | INFO     | crud:get_dashboard:12 - [<models.Habit object at 0x7f1743fabe80>, <models.Habit object at 0x7f1743fabe20>]
2025-07-02 02:06:45.252 | INFO     | crud:update_record:50 - Update record: 0
2025-07-02 02:06:45.269 | INFO     | crud:get_dashboard:12 - [<models.Habit object at 0x7f1743fab3d0>, <models.Habit object at 0x7f1743fabcd0>]
2025-07-02 02:06:47.213 | INFO     | crud:update_habit:40 - Update habit
2025-07-02 02:06:47.214 | INFO     | crud:update_habit:42 - name
2025-07-02 02:06:47.214 | INFO     | crud:update_habit:42 - type
2025-07-02 02:06:47.215 | INFO     | crud:update_habit:42 - polarity
2025-07-02 02:06:47.215 | INFO     | crud:update_habit:42 - start_value
2025-07-02 02:06:47.215 | INFO     | crud:update_habit:42 - target
2025-07-02 02:06:47.216 | INFO     | crud:update_habit:42 - period
2025-07-02 02:06:47.216 | INFO     | crud:update_habit:42 - active
2025-07-02 02:06:47.237 | INFO     | crud:get_dashboard:12 - [<models.Habit object at 0x7f1743fa83a0>]
2025-07-02 02:06:49.254 | INFO     | crud:update_habit:40 - Update habit
2025-07-02 02:06:49.255 | INFO     | crud:update_habit:42 - name
2025-07-02 02:06:49.255 | INFO     | crud:update_habit:42 - type
2025-07-02 02:06:49.256 | INFO     | crud:update_habit:42 - polarity
2025-07-02 02:06:49.256 | INFO     | crud:update_habit:42 - start_value
2025-07-02 02:06:49.256 | INFO     | crud:update_habit:42 - target
2025-07-02 02:06:49.257 | INFO     | crud:update_habit:42 - period
2025-07-02 02:06:49.257 | INFO     | crud:update_habit:42 - active
2025-07-02 02:06:49.260 | INFO     | crud:get_dashboard:12 - [<models.Habit object at 0x7f1743fab9d0>]
2025-07-02 02:06:49.714 | INFO     | crud:update_habit:40 - Update habit
2025-07-02 02:06:49.715 | INFO     | crud:update_habit:42 - name
2025-07-02 02:06:49.715 | INFO     | crud:update_habit:42 - type
2025-07-02 02:06:49.715 | INFO     | crud:update_habit:42 - polarity
2025-07-02 02:06:49.716 | INFO     | crud:update_habit:42 - start_value
2025-07-02 02:06:49.716 | INFO     | crud:update_habit:42 - target
2025-07-02 02:06:49.716 | INFO     | crud:update_habit:42 - period
2025-07-02 02:06:49.716 | INFO     | crud:update_habit:42 - active
2025-07-02 02:06:49.719 | INFO     | crud:get_dashboard:12 - [<models.Habit object at 0x7f1743fa89a0>]
2025-07-02 02:06:50.786 | INFO     | crud:update_habit:40 - Update habit
2025-07-02 02:06:50.787 | INFO     | crud:update_habit:42 - name
2025-07-02 02:06:50.787 | INFO     | crud:update_habit:42 - type
2025-07-02 02:06:50.787 | INFO     | crud:update_habit:42 - polarity
2025-07-02 02:06:50.788 | INFO     | crud:update_habit:42 - start_value
2025-07-02 02:06:50.788 | INFO     | crud:update_habit:42 - target
2025-07-02 02:06:50.788 | INFO     | crud:update_habit:42 - period
2025-07-02 02:06:50.788 | INFO     | crud:update_habit:42 - active
2025-07-02 02:06:50.791 | INFO     | crud:get_dashboard:12 - [<models.Habit object at 0x7f1743fa8790>]
2025-07-02 02:07:54.576 | INFO     | crud:update_habit:40 - Update habit
2025-07-02 02:07:54.577 | INFO     | crud:update_habit:42 - name
2025-07-02 02:07:54.577 | INFO     | crud:update_habit:42 - type
2025-07-02 02:07:54.577 | INFO     | crud:update_habit:42 - polarity
2025-07-02 02:07:54.577 | INFO     | crud:update_habit:42 - start_value
2025-07-02 02:07:54.578 | INFO     | crud:update_habit:42 - target
2025-07-02 02:07:54.578 | INFO     | crud:update_habit:42 - period
2025-07-02 02:07:54.578 | INFO     | crud:update_habit:42 - active
2025-07-02 02:07:54.586 | INFO     | crud:get_dashboard:12 - []
2025-07-02 02:08:44.910 | INFO     | crud:get_dashboard:12 - []
2025-07-02 02:08:49.488 | INFO     | crud:get_dashboard:12 - [<models.Habit object at 0x7efed426f1f0>]
2025-07-02 02:09:27.491 | INFO     | crud:get_dashboard:12 - [<models.Habit object at 0x7efed426e9e0>, <models.Habit object at 0x7efed426f190>]
2025-07-02 02:09:31.023 | INFO     | crud:get_dashboard:12 - [<models.Habit object at 0x7efed426c1f0>, <models.Habit object at 0x7efed426eda0>]
2025-07-02 02:09:46.182 | INFO     | crud:get_dashboard:12 - [<models.Habit object at 0x7f4a12992fe0>, <models.Habit object at 0x7f4a12992f80>]
2025-07-02 02:09:49.670 | INFO     | crud:get_dashboard:12 - [<models.Habit object at 0x7f4a129f3220>, <models.Habit object at 0x7f4a129f31c0>, <models.Habit object at 0x7f4a129f32b0>]
2025-07-02 02:13:18.777 | INFO     | crud:get_dashboard:12 - [<models.Habit object at 0x7f4d61e8afe0>, <models.Habit object at 0x7f4d61e8af80>, <models.Habit object at 0x7f4d61e8b6d0>]
2025-07-02 02:13:22.713 | INFO     | crud:update_habit:40 - Update habit
2025-07-02 02:13:22.713 | INFO     | crud:update_habit:42 - name
2025-07-02 02:13:22.713 | INFO     | crud:update_habit:42 - type
2025-07-02 02:13:22.713 | INFO     | crud:update_habit:42 - polarity
2025-07-02 02:13:22.714 | INFO     | crud:update_habit:42 - start_value
2025-07-02 02:13:22.714 | INFO     | crud:update_habit:42 - target
2025-07-02 02:13:22.714 | INFO     | crud:update_habit:42 - period
2025-07-02 02:13:22.714 | INFO     | crud:update_habit:42 - active
2025-07-02 02:13:22.731 | INFO     | crud:get_dashboard:12 - [<models.Habit object at 0x7f4d61eeba60>, <models.Habit object at 0x7f4d61eebac0>]
2025-07-02 02:13:30.369 | INFO     | crud:get_dashboard:12 - [<models.Habit object at 0x7f4d61ee8a30>, <models.Habit object at 0x7f4d61ee89d0>, <models.Habit object at 0x7f4d61ee8be0>]
2025-07-02 02:14:37.211 | INFO     | crud:update_record:50 - Update record: 1
2025-07-02 02:14:37.220 | INFO     | crud:get_dashboard:12 - [<models.Habit object at 0x7f4d61eebc40>, <models.Habit object at 0x7f4d61eeb670>, <models.Habit object at 0x7f4d61eebca0>]
2025-07-02 02:14:38.296 | INFO     | crud:update_record:50 - Update record: 0
2025-07-02 02:14:38.302 | INFO     | crud:get_dashboard:12 - [<models.Habit object at 0x7f4d61eeb0a0>, <models.Habit object at 0x7f4d61eeb010>, <models.Habit object at 0x7f4d61ee8ac0>]
2025-07-02 02:14:42.988 | INFO     | crud:update_record:50 - Update record: 1
2025-07-02 02:14:42.995 | INFO     | crud:get_dashboard:12 - [<models.Habit object at 0x7f4d61ee8100>, <models.Habit object at 0x7f4d61eea8f0>, <models.Habit object at 0x7f4d61ee9180>]
2025-07-02 02:14:46.384 | INFO     | crud:update_record:50 - Update record: 0
2025-07-02 02:14:46.391 | INFO     | crud:get_dashboard:12 - [<models.Habit object at 0x7f4d61eeac80>, <models.Habit object at 0x7f4d61eeaaa0>, <models.Habit object at 0x7f4d61eeb820>]
2025-07-02 02:14:47.974 | INFO     | crud:update_record:50 - Update record: 1
2025-07-02 02:14:47.980 | INFO     | crud:get_dashboard:12 - [<models.Habit object at 0x7f4d61eeb2e0>, <models.Habit object at 0x7f4d61eebd60>, <models.Habit object at 0x7f4d61eeb220>]
2025-07-02 02:18:03.126 | INFO     | crud:get_dashboard:12 - [<models.Habit object at 0x7f1de772afe0>, <models.Habit object at 0x7f1de772af80>, <models.Habit object at 0x7f1de772b6d0>]
2025-07-02 02:18:07.089 | INFO     | crud:get_dashboard:12 - [<models.Habit object at 0x7f1de778b250>, <models.Habit object at 0x7f1de778b1f0>, <models.Habit object at 0x7f1de778b2e0>, <models.Habit object at 0x7f1de778b310>]
2025-07-02 02:18:22.914 | INFO     | crud:get_dashboard:12 - [<models.Habit object at 0x7f1de778b0d0>, <models.Habit object at 0x7f1de7788340>, <models.Habit object at 0x7f1de778b160>, <models.Habit object at 0x7f1de778b190>, <models.Habit object at 0x7f1de778aa10>]
2025-07-02 02:19:30.730 | INFO     | crud:get_dashboard:12 - [<models.Habit object at 0x7ff0cff76fe0>, <models.Habit object at 0x7ff0cff76f80>, <models.Habit object at 0x7ff0cff776d0>, <models.Habit object at 0x7ff0cff77700>, <models.Habit object at 0x7ff0cff77730>]
2025-07-02 02:19:35.922 | INFO     | crud:get_dashboard:12 - [<models.Habit object at 0x7ff0cffd72b0>, <models.Habit object at 0x7ff0cffd7250>, <models.Habit object at 0x7ff0cffd7340>, <models.Habit object at 0x7ff0cffd7370>, <models.Habit object at 0x7ff0cffd73a0>, <models.Habit object at 0x7ff0cffd73d0>]
2025-07-02 02:22:41.286 | INFO     | crud:get_dashboard:12 - [<models.Habit object at 0x7ff0cffd6ce0>, <models.Habit object at 0x7ff0cffd6c80>, <models.Habit object at 0x7ff0cffd6d70>, <models.Habit object at 0x7ff0cffd6da0>, <models.Habit object at 0x7ff0cffd6dd0>, <models.Habit object at 0x7ff0cffd6e00>]
2025-07-02 02:22:45.228 | INFO     | crud:update_habit:40 - Update habit
2025-07-02 02:22:45.229 | INFO     | crud:update_habit:42 - name
2025-07-02 02:22:45.229 | INFO     | crud:update_habit:42 - type
2025-07-02 02:22:45.229 | INFO     | crud:update_habit:42 - polarity
2025-07-02 02:22:45.229 | INFO     | crud:update_habit:42 - start_value
2025-07-02 02:22:45.230 | INFO     | crud:update_habit:42 - target
2025-07-02 02:22:45.230 | INFO     | crud:update_habit:42 - period
2025-07-02 02:22:45.230 | INFO     | crud:update_habit:42 - active
2025-07-02 02:22:45.243 | INFO     | crud:get_dashboard:12 - [<models.Habit object at 0x7ff0cffd41c0>, <models.Habit object at 0x7ff0cffd4b20>, <models.Habit object at 0x7ff0cffd4670>, <models.Habit object at 0x7ff0cffd6200>, <models.Habit object at 0x7ff0cffd5870>]
2025-07-02 02:22:46.348 | INFO     | crud:update_habit:40 - Update habit
2025-07-02 02:22:46.348 | INFO     | crud:update_habit:42 - name
2025-07-02 02:22:46.349 | INFO     | crud:update_habit:42 - type
2025-07-02 02:22:46.349 | INFO     | crud:update_habit:42 - polarity
2025-07-02 02:22:46.349 | INFO     | crud:update_habit:42 - start_value
2025-07-02 02:22:46.350 | INFO     | crud:update_habit:42 - target
2025-07-02 02:22:46.350 | INFO     | crud:update_habit:42 - period
2025-07-02 02:22:46.350 | INFO     | crud:update_habit:42 - active
2025-07-02 02:22:46.357 | INFO     | crud:get_dashboard:12 - [<models.Habit object at 0x7ff0cffd5930>, <models.Habit object at 0x7ff0cffd7370>, <models.Habit object at 0x7ff0cffd5870>, <models.Habit object at 0x7ff0cffd5120>]
2025-07-02 02:22:47.362 | INFO     | crud:update_habit:40 - Update habit
2025-07-02 02:22:47.363 | INFO     | crud:update_habit:42 - name
2025-07-02 02:22:47.363 | INFO     | crud:update_habit:42 - type
2025-07-02 02:22:47.363 | INFO     | crud:update_habit:42 - polarity
2025-07-02 02:22:47.364 | INFO     | crud:update_habit:42 - start_value
2025-07-02 02:22:47.364 | INFO     | crud:update_habit:42 - target
2025-07-02 02:22:47.364 | INFO     | crud:update_habit:42 - period
2025-07-02 02:22:47.364 | INFO     | crud:update_habit:42 - active
2025-07-02 02:22:47.371 | INFO     | crud:get_dashboard:12 - [<models.Habit object at 0x7ff0cffd7a00>, <models.Habit object at 0x7ff0cffd7940>, <models.Habit object at 0x7ff0cffd6860>]
2025-07-02 02:22:48.783 | INFO     | crud:update_habit:40 - Update habit
2025-07-02 02:22:48.784 | INFO     | crud:update_habit:42 - name
2025-07-02 02:22:48.784 | INFO     | crud:update_habit:42 - type
2025-07-02 02:22:48.785 | INFO     | crud:update_habit:42 - polarity
2025-07-02 02:22:48.785 | INFO     | crud:update_habit:42 - start_value
2025-07-02 02:22:48.785 | INFO     | crud:update_habit:42 - target
2025-07-02 02:22:48.785 | INFO     | crud:update_habit:42 - period
2025-07-02 02:22:48.785 | INFO     | crud:update_habit:42 - active
2025-07-02 02:22:48.794 | INFO     | crud:get_dashboard:12 - [<models.Habit object at 0x7ff0cffd7e80>, <models.Habit object at 0x7ff0cffd58d0>]
2025-07-02 02:22:53.109 | INFO     | crud:get_dashboard:12 - [<models.Habit object at 0x7ff0cffd5120>, <models.Habit object at 0x7ff0cffd4f70>, <models.Habit object at 0x7ff0cffd7a30>]
2025-07-02 02:23:00.105 | INFO     | crud:update_habit:40 - Update habit
2025-07-02 02:23:00.106 | INFO     | crud:update_habit:42 - name
2025-07-02 02:23:00.106 | INFO     | crud:update_habit:42 - type
2025-07-02 02:23:00.107 | INFO     | crud:update_habit:42 - polarity
2025-07-02 02:23:00.107 | INFO     | crud:update_habit:42 - start_value
2025-07-02 02:23:00.108 | INFO     | crud:update_habit:42 - target
2025-07-02 02:23:00.108 | INFO     | crud:update_habit:42 - period
2025-07-02 02:23:00.108 | INFO     | crud:update_habit:42 - active
2025-07-02 02:23:00.117 | INFO     | crud:get_dashboard:12 - [<models.Habit object at 0x7ff0cffd4f10>, <models.Habit object at 0x7ff0cffd4fa0>]
2025-07-02 02:23:01.206 | INFO     | crud:update_habit:40 - Update habit
2025-07-02 02:23:01.207 | INFO     | crud:update_habit:42 - name
2025-07-02 02:23:01.207 | INFO     | crud:update_habit:42 - type
2025-07-02 02:23:01.208 | INFO     | crud:update_habit:42 - polarity
2025-07-02 02:23:01.208 | INFO     | crud:update_habit:42 - start_value
2025-07-02 02:23:01.208 | INFO     | crud:update_habit:42 - target
2025-07-02 02:23:01.208 | INFO     | crud:update_habit:42 - period
2025-07-02 02:23:01.209 | INFO     | crud:update_habit:42 - active
2025-07-02 02:23:01.218 | INFO     | crud:get_dashboard:12 - [<models.Habit object at 0x7ff0cffd7e80>]
2025-07-02 02:23:02.430 | INFO     | crud:update_habit:40 - Update habit
2025-07-02 02:23:02.430 | INFO     | crud:update_habit:42 - name
2025-07-02 02:23:02.431 | INFO     | crud:update_habit:42 - type
2025-07-02 02:23:02.431 | INFO     | crud:update_habit:42 - polarity
2025-07-02 02:23:02.431 | INFO     | crud:update_habit:42 - start_value
2025-07-02 02:23:02.431 | INFO     | crud:update_habit:42 - target
2025-07-02 02:23:02.432 | INFO     | crud:update_habit:42 - period
2025-07-02 02:23:02.432 | INFO     | crud:update_habit:42 - active
2025-07-02 02:23:02.439 | INFO     | crud:get_dashboard:12 - []
2025-07-02 02:23:27.259 | INFO     | crud:get_dashboard:12 - [<models.Habit object at 0x7ff0cffd5090>]
2025-07-02 02:23:31.035 | INFO     | crud:update_record:50 - Update record: 1
2025-07-02 02:23:31.044 | INFO     | crud:get_dashboard:12 - [<models.Habit object at 0x7ff0cffd4220>]
2025-07-02 02:23:31.934 | INFO     | crud:update_record:50 - Update record: 0
2025-07-02 02:23:31.943 | INFO     | crud:get_dashboard:12 - [<models.Habit object at 0x7ff0cffd7cd0>]
2025-07-02 02:23:44.361 | INFO     | crud:get_dashboard:12 - [<models.Habit object at 0x7ff0cf6140a0>, <models.Habit object at 0x7ff0cf614040>]
2025-07-02 02:24:13.986 | INFO     | crud:get_dashboard:12 - [<models.Habit object at 0x7ff0cf6181c0>, <models.Habit object at 0x7ff0cf618100>, <models.Habit object at 0x7ff0cf6181f0>]
2025-07-02 02:24:15.234 | INFO     | crud:update_record:50 - Update record: 1
2025-07-02 02:24:15.240 | INFO     | crud:get_dashboard:12 - [<models.Habit object at 0x7ff0cf614280>, <models.Habit object at 0x7ff0cf6142e0>, <models.Habit object at 0x7ff0cf614310>]
2025-07-02 02:24:15.602 | INFO     | crud:update_record:50 - Update record: 2
2025-07-02 02:24:15.608 | INFO     | crud:get_dashboard:12 - [<models.Habit object at 0x7ff0cf61c370>, <models.Habit object at 0x7ff0cf61c3d0>, <models.Habit object at 0x7ff0cf61c400>]
2025-07-02 02:24:15.897 | INFO     | crud:update_record:50 - Update record: 3
2025-07-02 02:24:15.905 | INFO     | crud:get_dashboard:12 - [<models.Habit object at 0x7ff0cf614460>, <models.Habit object at 0x7ff0cf6144c0>, <models.Habit object at 0x7ff0cf6144f0>]
2025-07-02 02:24:16.251 | INFO     | crud:update_record:50 - Update record: 4
2025-07-02 02:24:16.260 | INFO     | crud:get_dashboard:12 - [<models.Habit object at 0x7ff0cf61c0a0>, <models.Habit object at 0x7ff0cf61c040>, <models.Habit object at 0x7ff0cf61c5e0>]
2025-07-02 02:24:16.626 | INFO     | crud:update_record:50 - Update record: 5
2025-07-02 02:24:16.635 | INFO     | crud:get_dashboard:12 - [<models.Habit object at 0x7ff0cf61c8b0>, <models.Habit object at 0x7ff0cf61c820>, <models.Habit object at 0x7ff0cf61c520>]
2025-07-02 02:24:17.089 | INFO     | crud:update_record:50 - Update record: 6
2025-07-02 02:24:17.095 | INFO     | crud:get_dashboard:12 - [<models.Habit object at 0x7ff0cf61ca00>, <models.Habit object at 0x7ff0cf61c6a0>, <models.Habit object at 0x7ff0cf61c220>]
2025-07-02 02:24:18.078 | INFO     | crud:update_record:50 - Update record: 7
2025-07-02 02:24:18.084 | INFO     | crud:get_dashboard:12 - [<models.Habit object at 0x7ff0cf61cb20>, <models.Habit object at 0x7ff0cf61ca90>, <models.Habit object at 0x7ff0cf61c100>]
2025-07-02 02:24:18.896 | INFO     | crud:update_record:50 - Update record: 6
2025-07-02 02:24:18.902 | INFO     | crud:get_dashboard:12 - [<models.Habit object at 0x7ff0cf61cb20>, <models.Habit object at 0x7ff0cf61cbb0>, <models.Habit object at 0x7ff0cf61c040>]
2025-07-02 02:24:19.112 | INFO     | crud:update_record:50 - Update record: 5
2025-07-02 02:24:19.117 | INFO     | crud:get_dashboard:12 - [<models.Habit object at 0x7ff0cf61c370>, <models.Habit object at 0x7ff0cf61cb20>, <models.Habit object at 0x7ff0cf61c070>]
2025-07-02 02:24:19.320 | INFO     | crud:update_record:50 - Update record: 4
2025-07-02 02:24:19.328 | INFO     | crud:get_dashboard:12 - [<models.Habit object at 0x7ff0cf61ca60>, <models.Habit object at 0x7ff0cf61c370>, <models.Habit object at 0x7ff0cf61caf0>]
2025-07-02 02:24:19.483 | INFO     | crud:update_record:50 - Update record: 3
2025-07-02 02:24:19.490 | INFO     | crud:get_dashboard:12 - [<models.Habit object at 0x7ff0cf61c6d0>, <models.Habit object at 0x7ff0cf61ca60>, <models.Habit object at 0x7ff0cf61cc70>]
2025-07-02 02:24:19.946 | INFO     | crud:update_record:50 - Update record: 2
2025-07-02 02:24:19.954 | INFO     | crud:get_dashboard:12 - [<models.Habit object at 0x7ff0cf61c400>, <models.Habit object at 0x7ff0cf61c6d0>, <models.Habit object at 0x7ff0cf61cd60>]
2025-07-02 02:24:20.453 | INFO     | crud:update_record:50 - Update record: 1
2025-07-02 02:24:20.459 | INFO     | crud:get_dashboard:12 - [<models.Habit object at 0x7ff0cf61cb80>, <models.Habit object at 0x7ff0cf61c400>, <models.Habit object at 0x7ff0cf61ce50>]
2025-07-02 02:24:21.162 | INFO     | crud:update_record:50 - Update record: 0
2025-07-02 02:24:21.170 | INFO     | crud:get_dashboard:12 - [<models.Habit object at 0x7ff0cf61c280>, <models.Habit object at 0x7ff0cf61cb80>, <models.Habit object at 0x7ff0cf61cf40>]
2025-07-02 02:25:53.503 | INFO     | crud:get_dashboard:12 - [<models.Habit object at 0x7ff0cf61c970>, <models.Habit object at 0x7ff0cf61d1e0>, <models.Habit object at 0x7ff0cf61cb20>, <models.Habit object at 0x7ff0cf61c880>]
2025-07-02 02:25:54.794 | INFO     | crud:update_record:50 - Update record: 1
2025-07-02 02:25:54.800 | INFO     | crud:get_dashboard:12 - [<models.Habit object at 0x7ff0cf61c0a0>, <models.Habit object at 0x7ff0cf61d1e0>, <models.Habit object at 0x7ff0cf61c700>, <models.Habit object at 0x7ff0cf61cfa0>]
2025-07-02 02:25:56.159 | INFO     | crud:update_record:50 - Update record: 0
2025-07-02 02:25:56.165 | INFO     | crud:get_dashboard:12 - [<models.Habit object at 0x7ff0cf61c940>, <models.Habit object at 0x7ff0cf61d1e0>, <models.Habit object at 0x7ff0cf61d270>, <models.Habit object at 0x7ff0cf61c6d0>]
2025-07-02 02:28:08.328 | INFO     | crud:get_dashboard:12 - [<models.Habit object at 0x7ff0cf61c610>, <models.Habit object at 0x7ff0cf61d540>, <models.Habit object at 0x7ff0cf61d2a0>, <models.Habit object at 0x7ff0cf61c910>, <models.Habit object at 0x7ff0cf61c280>]
2025-07-02 02:28:29.689 | INFO     | crud:get_dashboard:12 - [<models.Habit object at 0x7ff0cf61d180>, <models.Habit object at 0x7ff0cf61c400>, <models.Habit object at 0x7ff0cf61d120>, <models.Habit object at 0x7ff0cf61d000>, <models.Habit object at 0x7ff0cf61d360>, <models.Habit object at 0x7ff0cf61ca60>]
2025-07-02 02:28:37.469 | INFO     | crud:update_habit:40 - Update habit
2025-07-02 02:28:37.469 | INFO     | crud:update_habit:42 - name
2025-07-02 02:28:37.469 | INFO     | crud:update_habit:42 - type
2025-07-02 02:28:37.469 | INFO     | crud:update_habit:42 - polarity
2025-07-02 02:28:37.469 | INFO     | crud:update_habit:42 - start_value
2025-07-02 02:28:37.469 | INFO     | crud:update_habit:42 - target
2025-07-02 02:28:37.469 | INFO     | crud:update_habit:42 - period
2025-07-02 02:28:37.469 | INFO     | crud:update_habit:42 - active
2025-07-02 02:28:37.479 | INFO     | crud:get_dashboard:12 - [<models.Habit object at 0x7ff0cf61c940>, <models.Habit object at 0x7ff0cf61d360>, <models.Habit object at 0x7ff0cf61c250>, <models.Habit object at 0x7ff0cf61cbb0>, <models.Habit object at 0x7ff0cf61cb20>, <models.Habit object at 0x7ff0cf61c1c0>]
2025-07-02 02:28:56.901 | INFO     | crud:get_dashboard:12 - [<models.Habit object at 0x7ff0cf61c280>, <models.Habit object at 0x7ff0cf61d870>, <models.Habit object at 0x7ff0cf61c700>, <models.Habit object at 0x7ff0cf61d6f0>, <models.Habit object at 0x7ff0cf61d720>, <models.Habit object at 0x7ff0cf61d090>, <models.Habit object at 0x7ff0cf61d750>]
2025-07-02 02:29:06.062 | INFO     | crud:get_dashboard:12 - [<models.Habit object at 0x7ff0cf61c6d0>, <models.Habit object at 0x7ff0cf61ccd0>, <models.Habit object at 0x7ff0cf61c610>, <models.Habit object at 0x7ff0cf61c640>, <models.Habit object at 0x7ff0cf61d3f0>, <models.Habit object at 0x7ff0cf61cdc0>, <models.Habit object at 0x7ff0cf61d810>, <models.Habit object at 0x7ff0cf61d0f0>]
2025-07-02 02:29:15.617 | INFO     | crud:update_habit:40 - Update habit
2025-07-02 02:29:15.617 | INFO     | crud:update_habit:42 - name
2025-07-02 02:29:15.617 | INFO     | crud:update_habit:42 - type
2025-07-02 02:29:15.618 | INFO     | crud:update_habit:42 - polarity
2025-07-02 02:29:15.618 | INFO     | crud:update_habit:42 - start_value
2025-07-02 02:29:15.618 | INFO     | crud:update_habit:42 - target
2025-07-02 02:29:15.618 | INFO     | crud:update_habit:42 - period
2025-07-02 02:29:15.618 | INFO     | crud:update_habit:42 - active
2025-07-02 02:29:15.624 | INFO     | crud:get_dashboard:12 - [<models.Habit object at 0x7ff0cf61d8a0>, <models.Habit object at 0x7ff0cf61dc60>, <models.Habit object at 0x7ff0cf61dba0>, <models.Habit object at 0x7ff0cf61c940>, <models.Habit object at 0x7ff0cf61c490>, <models.Habit object at 0x7ff0cf61d900>, <models.Habit object at 0x7ff0cf61d6c0>, <models.Habit object at 0x7ff0cf61d990>]
2025-07-02 02:29:19.956 | INFO     | crud:update_habit:40 - Update habit
2025-07-02 02:29:19.957 | INFO     | crud:update_habit:42 - name
2025-07-02 02:29:19.957 | INFO     | crud:update_habit:42 - type
2025-07-02 02:29:19.957 | INFO     | crud:update_habit:42 - polarity
2025-07-02 02:29:19.957 | INFO     | crud:update_habit:42 - start_value
2025-07-02 02:29:19.957 | INFO     | crud:update_habit:42 - target
2025-07-02 02:29:19.957 | INFO     | crud:update_habit:42 - period
2025-07-02 02:29:19.957 | INFO     | crud:update_habit:42 - active
2025-07-02 02:29:19.965 | INFO     | crud:get_dashboard:12 - [<models.Habit object at 0x7ff0cf61da20>, <models.Habit object at 0x7ff0cf61dd50>, <models.Habit object at 0x7ff0cf61dcc0>, <models.Habit object at 0x7ff0cf61da50>, <models.Habit object at 0x7ff0cf61d4b0>, <models.Habit object at 0x7ff0cf61c670>, <models.Habit object at 0x7ff0cf61dab0>, <models.Habit object at 0x7ff0cf61d420>]
2025-07-02 02:29:33.570 | INFO     | crud:update_record:50 - Update record: 1
2025-07-02 02:29:33.579 | INFO     | crud:get_dashboard:12 - [<models.Habit object at 0x7ff0cf61dc00>, <models.Habit object at 0x7ff0cf61dd50>, <models.Habit object at 0x7ff0cf61d360>, <models.Habit object at 0x7ff0cf61d720>, <models.Habit object at 0x7ff0cf61cf10>, <models.Habit object at 0x7ff0cf61c100>, <models.Habit object at 0x7ff0cf61c520>, <models.Habit object at 0x7ff0cf61c730>]
2025-07-02 02:29:34.345 | INFO     | crud:update_record:50 - Update record: 1
2025-07-02 02:29:34.352 | INFO     | crud:get_dashboard:12 - [<models.Habit object at 0x7ff0cf61dcf0>, <models.Habit object at 0x7ff0cf61dfc0>, <models.Habit object at 0x7ff0cf61c400>, <models.Habit object at 0x7ff0cf61d810>, <models.Habit object at 0x7ff0cf61cb20>, <models.Habit object at 0x7ff0cf61cbb0>, <models.Habit object at 0x7ff0cf61c2b0>, <models.Habit object at 0x7ff0cf61c280>]
2025-07-02 02:29:34.802 | INFO     | crud:update_record:50 - Update record: 1
2025-07-02 02:29:34.810 | INFO     | crud:get_dashboard:12 - [<models.Habit object at 0x7ff0cf61de40>, <models.Habit object at 0x7ff0cf61e0b0>, <models.Habit object at 0x7ff0cf61c670>, <models.Habit object at 0x7ff0cf61d8d0>, <models.Habit object at 0x7ff0cf61ccd0>, <models.Habit object at 0x7ff0cf61dd20>, <models.Habit object at 0x7ff0cf61de70>, <models.Habit object at 0x7ff0cf61c4f0>]
2025-07-02 02:29:35.634 | INFO     | crud:update_record:50 - Update record: 1
2025-07-02 02:29:35.640 | INFO     | crud:get_dashboard:12 - [<models.Habit object at 0x7ff0cf61df30>, <models.Habit object at 0x7ff0cf61e1a0>, <models.Habit object at 0x7ff0cf61d720>, <models.Habit object at 0x7ff0cf61c760>, <models.Habit object at 0x7ff0cf61dc60>, <models.Habit object at 0x7ff0cf61c730>, <models.Habit object at 0x7ff0cf61df60>, <models.Habit object at 0x7ff0cf61c6d0>]
2025-07-02 02:29:36.120 | INFO     | crud:update_record:50 - Update record: 1
2025-07-02 02:29:36.126 | INFO     | crud:get_dashboard:12 - [<models.Habit object at 0x7ff0cf61e020>, <models.Habit object at 0x7ff0cf61e290>, <models.Habit object at 0x7ff0cf61d810>, <models.Habit object at 0x7ff0cf61dc30>, <models.Habit object at 0x7ff0cf61d3f0>, <models.Habit object at 0x7ff0cf61c280>, <models.Habit object at 0x7ff0cf61e050>, <models.Habit object at 0x7ff0cf61d2a0>]
2025-07-02 02:29:36.889 | INFO     | crud:update_record:50 - Update record: 1
2025-07-02 02:29:36.891 | INFO     | crud:get_dashboard:12 - [<models.Habit object at 0x7ff0cf61e110>, <models.Habit object at 0x7ff0cf61e380>, <models.Habit object at 0x7ff0cf61d420>, <models.Habit object at 0x7ff0cf61c1c0>, <models.Habit object at 0x7ff0cf61cc10>, <models.Habit object at 0x7ff0cf61c4f0>, <models.Habit object at 0x7ff0cf61e140>, <models.Habit object at 0x7ff0cf61d990>]
2025-07-02 02:29:37.784 | INFO     | crud:update_record:50 - Update record: 0
2025-07-02 02:29:37.790 | INFO     | crud:get_dashboard:12 - [<models.Habit object at 0x7ff0cf61e200>, <models.Habit object at 0x7ff0cf61e470>, <models.Habit object at 0x7ff0cf61c760>, <models.Habit object at 0x7ff0cf61c340>, <models.Habit object at 0x7ff0cf61c8b0>, <models.Habit object at 0x7ff0cf61c6d0>, <models.Habit object at 0x7ff0cf61e230>, <models.Habit object at 0x7ff0cf61d6f0>]
2025-07-02 02:29:38.454 | INFO     | crud:update_record:50 - Update record: 0
2025-07-02 02:29:38.462 | INFO     | crud:get_dashboard:12 - [<models.Habit object at 0x7ff0cf61e2f0>, <models.Habit object at 0x7ff0cf61e560>, <models.Habit object at 0x7ff0cf61dc30>, <models.Habit object at 0x7ff0cf61d8d0>, <models.Habit object at 0x7ff0cf61dcc0>, <models.Habit object at 0x7ff0cf61d2a0>, <models.Habit object at 0x7ff0cf61e320>, <models.Habit object at 0x7ff0cf61c520>]
2025-07-02 02:29:38.831 | INFO     | crud:update_record:50 - Update record: 0
2025-07-02 02:29:38.843 | INFO     | crud:get_dashboard:12 - [<models.Habit object at 0x7ff0cf61e3e0>, <models.Habit object at 0x7ff0cf61e650>, <models.Habit object at 0x7ff0cf61c1c0>, <models.Habit object at 0x7ff0cf61c940>, <models.Habit object at 0x7ff0cf61dc00>, <models.Habit object at 0x7ff0cf61d990>, <models.Habit object at 0x7ff0cf61e410>, <models.Habit object at 0x7ff0cf61c2b0>]
2025-07-02 02:29:39.203 | INFO     | crud:update_record:50 - Update record: 0
2025-07-02 02:29:39.210 | INFO     | crud:get_dashboard:12 - [<models.Habit object at 0x7ff0cf61e4d0>, <models.Habit object at 0x7ff0cf61e740>, <models.Habit object at 0x7ff0cf61c340>, <models.Habit object at 0x7ff0cf61d4b0>, <models.Habit object at 0x7ff0cf61dcf0>, <models.Habit object at 0x7ff0cf61d6f0>, <models.Habit object at 0x7ff0cf61e500>, <models.Habit object at 0x7ff0cf61de70>]
2025-07-02 02:29:39.617 | INFO     | crud:update_record:50 - Update record: 0
2025-07-02 02:29:39.624 | INFO     | crud:get_dashboard:12 - [<models.Habit object at 0x7ff0cf61e5c0>, <models.Habit object at 0x7ff0cf61e860>, <models.Habit object at 0x7ff0cf61d8d0>, <models.Habit object at 0x7ff0cf61d360>, <models.Habit object at 0x7ff0cf61de40>, <models.Habit object at 0x7ff0cf61c520>, <models.Habit object at 0x7ff0cf61e5f0>, <models.Habit object at 0x7ff0cf61df60>]
2025-07-02 02:34:52.418 | INFO     | crud:get_dashboard:12 - [<models.Habit object at 0x7ff0cf61e200>, <models.Habit object at 0x7ff0cf61e4d0>, <models.Habit object at 0x7ff0cf61e800>, <models.Habit object at 0x7ff0cf61e140>, <models.Habit object at 0x7ff0cf61c280>, <models.Habit object at 0x7ff0cf61dc60>, <models.Habit object at 0x7ff0cf61d6f0>, <models.Habit object at 0x7ff0cf61e500>]
2025-07-02 03:31:37.153 | INFO     | crud:get_dashboard:12 - [<models.Habit object at 0x7ff0cf61d4b0>, <models.Habit object at 0x7ff0cf61ddb0>, <models.Habit object at 0x7ff0cf61dab0>, <models.Habit object at 0x7ff0cf61c640>, <models.Habit object at 0x7ff0cf61c1c0>, <models.Habit object at 0x7ff0cf61d480>, <models.Habit object at 0x7ff0cf61dc00>, <models.Habit object at 0x7ff0cf61c6d0>]
2025-07-02 03:31:56.069 | INFO     | crud:get_dashboard:12 - [<models.Habit object at 0x7ff0cf61ccd0>, <models.Habit object at 0x7ff0cf61e2f0>, <models.Habit object at 0x7ff0cf61c4f0>, <models.Habit object at 0x7ff0cf61cc10>, <models.Habit object at 0x7ff0cf61e320>, <models.Habit object at 0x7ff0cf61d810>, <models.Habit object at 0x7ff0cf61cf10>, <models.Habit object at 0x7ff0cf61e200>]
2025-07-02 03:32:29.709 | INFO     | crud:get_dashboard:12 - [<models.Habit object at 0x7fee6b465780>, <models.Habit object at 0x7fee6b465720>, <models.Habit object at 0x7fee6b465810>, <models.Habit object at 0x7fee6b465840>, <models.Habit object at 0x7fee6b465870>, <models.Habit object at 0x7fee6b4658a0>, <models.Habit object at 0x7fee6b4658d0>, <models.Habit object at 0x7fee6b465750>]
2025-07-02 03:33:47.141 | INFO     | crud:update_record:50 - Update record: 1
2025-07-02 03:33:47.153 | INFO     | crud:get_dashboard:12 - [<models.Habit object at 0x7fee6b467100>, <models.Habit object at 0x7fee6b467280>, <models.Habit object at 0x7fee6b467820>, <models.Habit object at 0x7fee6b467d90>, <models.Habit object at 0x7fee6b4676d0>, <models.Habit object at 0x7fee6b467a90>, <models.Habit object at 0x7fee6b466800>, <models.Habit object at 0x7fee6b466d10>]
2025-07-02 03:33:47.678 | INFO     | crud:update_record:50 - Update record: 0
2025-07-02 03:33:47.683 | INFO     | crud:get_dashboard:12 - [<models.Habit object at 0x7fee6b466ec0>, <models.Habit object at 0x7fee6b464c70>, <models.Habit object at 0x7fee6b4676a0>, <models.Habit object at 0x7fee6b466a40>, <models.Habit object at 0x7fee6b467c10>, <models.Habit object at 0x7fee6b466aa0>, <models.Habit object at 0x7fee6b467df0>, <models.Habit object at 0x7fee6b4667d0>]
2025-07-02 03:34:42.394 | INFO     | crud:get_dashboard:12 - [<models.Habit object at 0x7fee6b4c8a00>, <models.Habit object at 0x7fee6b4c89a0>, <models.Habit object at 0x7fee6b4c8a90>, <models.Habit object at 0x7fee6b4c8ac0>, <models.Habit object at 0x7fee6b4c8af0>, <models.Habit object at 0x7fee6b4c8b20>, <models.Habit object at 0x7fee6b4c8b50>, <models.Habit object at 0x7fee6b4c8b80>]
2025-07-02 03:34:47.123 | INFO     | crud:update_record:50 - Update record: 1
2025-07-02 03:34:47.129 | INFO     | crud:get_dashboard:12 - [<models.Habit object at 0x7fee6b4c8df0>, <models.Habit object at 0x7fee6b4c8be0>, <models.Habit object at 0x7fee6b4c9060>, <models.Habit object at 0x7fee6b4c8bb0>, <models.Habit object at 0x7fee6b4c90f0>, <models.Habit object at 0x7fee6b4c84c0>, <models.Habit object at 0x7fee6b4c9120>, <models.Habit object at 0x7fee6b4c8b80>]
2025-07-02 03:34:47.630 | INFO     | crud:update_record:50 - Update record: 2
2025-07-02 03:34:47.638 | INFO     | crud:get_dashboard:12 - [<models.Habit object at 0x7fee6b4c9270>, <models.Habit object at 0x7fee6b4c91e0>, <models.Habit object at 0x7fee6b4c8ca0>, <models.Habit object at 0x7fee6b4c9300>, <models.Habit object at 0x7fee6b4c92d0>, <models.Habit object at 0x7fee6b4c89a0>, <models.Habit object at 0x7fee6b4c8df0>, <models.Habit object at 0x7fee6b4c8be0>]
2025-07-02 03:34:48.039 | INFO     | crud:update_record:50 - Update record: 3
2025-07-02 03:34:48.046 | INFO     | crud:get_dashboard:12 - [<models.Habit object at 0x7fee6b4c8eb0>, <models.Habit object at 0x7fee6b4c8c40>, <models.Habit object at 0x7fee6b4c8f10>, <models.Habit object at 0x7fee6b4c8ca0>, <models.Habit object at 0x7fee6b4c9300>, <models.Habit object at 0x7fee6b4c92d0>, <models.Habit object at 0x7fee6b4c89a0>, <models.Habit object at 0x7fee6b4c8df0>]
2025-07-02 03:34:48.464 | INFO     | crud:update_record:50 - Update record: 2
2025-07-02 03:34:48.472 | INFO     | crud:get_dashboard:12 - [<models.Habit object at 0x7fee6b4c8c40>, <models.Habit object at 0x7fee6b4c8ca0>, <models.Habit object at 0x7fee6b4c9300>, <models.Habit object at 0x7fee6b4c8df0>, <models.Habit object at 0x7fee6b4c8340>, <models.Habit object at 0x7fee6b4c8be0>, <models.Habit object at 0x7fee6b4c9270>, <models.Habit object at 0x7fee6b4c8e20>]
2025-07-02 03:34:48.637 | INFO     | crud:update_record:50 - Update record: 1
2025-07-02 03:34:48.645 | INFO     | crud:get_dashboard:12 - [<models.Habit object at 0x7fee6b4c9270>, <models.Habit object at 0x7fee6b4c8b80>, <models.Habit object at 0x7fee6b4c90f0>, <models.Habit object at 0x7fee6b4c9060>, <models.Habit object at 0x7fee6b4c8880>, <models.Habit object at 0x7fee6b4c8b20>, <models.Habit object at 0x7fee6b4c9240>, <models.Habit object at 0x7fee6b4c91b0>]
2025-07-02 03:34:48.784 | INFO     | crud:update_record:50 - Update record: 0
2025-07-02 03:34:48.790 | INFO     | crud:get_dashboard:12 - [<models.Habit object at 0x7fee6b4c8eb0>, <models.Habit object at 0x7fee6b4c8e20>, <models.Habit object at 0x7fee6b4c8ac0>, <models.Habit object at 0x7fee6b4c9000>, <models.Habit object at 0x7fee6b4c8d90>, <models.Habit object at 0x7fee6b4c8d00>, <models.Habit object at 0x7fee6b4c8d30>, <models.Habit object at 0x7fee6b4c8c10>]
2025-07-02 03:34:48.921 | INFO     | crud:update_record:50 - Update record: 0
2025-07-02 03:34:48.923 | INFO     | crud:get_dashboard:12 - [<models.Habit object at 0x7fee6b4c8ca0>, <models.Habit object at 0x7fee6b4c8430>, <models.Habit object at 0x7fee6b4c8910>, <models.Habit object at 0x7fee6b4c8e50>, <models.Habit object at 0x7fee6b4c84f0>, <models.Habit object at 0x7fee6b4c8670>, <models.Habit object at 0x7fee6b4c9030>, <models.Habit object at 0x7fee6b4c9090>]
2025-07-02 03:34:49.828 | INFO     | crud:update_record:50 - Update record: 1
2025-07-02 03:34:49.837 | INFO     | crud:get_dashboard:12 - [<models.Habit object at 0x7fee6b4c8640>, <models.Habit object at 0x7fee6b4c8f10>, <models.Habit object at 0x7fee6b4c8850>, <models.Habit object at 0x7fee6b4c8ac0>, <models.Habit object at 0x7fee6b4c9000>, <models.Habit object at 0x7fee6b4c8d90>, <models.Habit object at 0x7fee6b4c8d00>, <models.Habit object at 0x7fee6b4c84c0>]
2025-07-02 03:34:50.184 | INFO     | crud:update_record:50 - Update record: 2
2025-07-02 03:34:50.194 | INFO     | crud:get_dashboard:12 - [<models.Habit object at 0x7fee6b4c8970>, <models.Habit object at 0x7fee6b4c9150>, <models.Habit object at 0x7fee6b4c8910>, <models.Habit object at 0x7fee6b4c8670>, <models.Habit object at 0x7fee6b4c9030>, <models.Habit object at 0x7fee6b4c9090>, <models.Habit object at 0x7fee6b4c9570>, <models.Habit object at 0x7fee6b4c8b80>]
2025-07-02 03:34:50.403 | INFO     | crud:update_record:50 - Update record: 3
2025-07-02 03:34:50.411 | INFO     | crud:get_dashboard:12 - [<models.Habit object at 0x7fee6b4c8d30>, <models.Habit object at 0x7fee6b4c9390>, <models.Habit object at 0x7fee6b4c8ac0>, <models.Habit object at 0x7fee6b4c8d00>, <models.Habit object at 0x7fee6b4c84c0>, <models.Habit object at 0x7fee6b4c8e80>, <models.Habit object at 0x7fee6b4c82e0>, <models.Habit object at 0x7fee6b4c8340>]
2025-07-02 03:34:50.842 | INFO     | crud:update_record:50 - Update record: 2
2025-07-02 03:34:50.850 | INFO     | crud:get_dashboard:12 - [<models.Habit object at 0x7fee6b4c9570>, <models.Habit object at 0x7fee6b4c8820>, <models.Habit object at 0x7fee6b4c8cd0>, <models.Habit object at 0x7fee6b4c8b80>, <models.Habit object at 0x7fee6b4c92a0>, <models.Habit object at 0x7fee6b4c8a30>, <models.Habit object at 0x7fee6b4c8640>, <models.Habit object at 0x7fee6b4c8e20>]
2025-07-02 03:34:50.989 | INFO     | crud:update_record:50 - Update record: 1
2025-07-02 03:34:50.995 | INFO     | crud:get_dashboard:12 - [<models.Habit object at 0x7fee6b4c85e0>, <models.Habit object at 0x7fee6b4c8400>, <models.Habit object at 0x7fee6b4c9060>, <models.Habit object at 0x7fee6b4c8040>, <models.Habit object at 0x7fee6b4c9000>, <models.Habit object at 0x7fee6b4c9150>, <models.Habit object at 0x7fee6b4c84f0>, <models.Habit object at 0x7fee6b4c8b50>]
2025-07-02 03:34:51.133 | INFO     | crud:update_record:50 - Update record: 0
2025-07-02 03:34:51.140 | INFO     | crud:get_dashboard:12 - [<models.Habit object at 0x7fee6b4c9450>, <models.Habit object at 0x7fee6b4c8ca0>, <models.Habit object at 0x7fee6b4c8430>, <models.Habit object at 0x7fee6b4c95d0>, <models.Habit object at 0x7fee6b4c9030>, <models.Habit object at 0x7fee6b4c8d00>, <models.Habit object at 0x7fee6b4c8d90>, <models.Habit object at 0x7fee6b4c94b0>]
2025-07-02 03:34:51.674 | INFO     | crud:update_record:50 - Update record: 1
2025-07-02 03:34:51.681 | INFO     | crud:get_dashboard:12 - [<models.Habit object at 0x7fee6b4c9120>, <models.Habit object at 0x7fee6b4c8c40>, <models.Habit object at 0x7fee6b4c8850>, <models.Habit object at 0x7fee6b4c96c0>, <models.Habit object at 0x7fee6b4c82e0>, <models.Habit object at 0x7fee6b4c8b80>, <models.Habit object at 0x7fee6b4c9090>, <models.Habit object at 0x7fee6b4c8e50>]
2025-07-02 03:34:51.975 | INFO     | crud:update_record:50 - Update record: 2
2025-07-02 03:34:51.983 | INFO     | crud:get_dashboard:12 - [<models.Habit object at 0x7fee6b4c8f40>, <models.Habit object at 0x7fee6b4c9210>, <models.Habit object at 0x7fee6b4c8910>, <models.Habit object at 0x7fee6b4c97b0>, <models.Habit object at 0x7fee6b4c8640>, <models.Habit object at 0x7fee6b4c8040>, <models.Habit object at 0x7fee6b4c8340>, <models.Habit object at 0x7fee6b4c8f10>]
2025-07-02 03:34:52.389 | INFO     | crud:update_record:50 - Update record: 1
2025-07-02 03:34:52.396 | INFO     | crud:get_dashboard:12 - [<models.Habit object at 0x7fee6b4c86a0>, <models.Habit object at 0x7fee6b4c8eb0>, <models.Habit object at 0x7fee6b4c84c0>, <models.Habit object at 0x7fee6b4c98a0>, <models.Habit object at 0x7fee6b4c84f0>, <models.Habit object at 0x7fee6b4c95d0>, <models.Habit object at 0x7fee6b4c8e20>, <models.Habit object at 0x7fee6b4c9420>]
2025-07-02 03:34:52.532 | INFO     | crud:update_record:50 - Update record: 0
2025-07-02 03:34:52.539 | INFO     | crud:get_dashboard:12 - [<models.Habit object at 0x7fee6b4c82b0>, <models.Habit object at 0x7fee6b4c8070>, <models.Habit object at 0x7fee6b4c8e20>, <models.Habit object at 0x7fee6b4c9a80>, <models.Habit object at 0x7fee6b4c9090>, <models.Habit object at 0x7fee6b4c94b0>, <models.Habit object at 0x7fee6b4c9630>, <models.Habit object at 0x7fee6b4c8820>]
2025-07-02 03:37:30.263 | INFO     | routers.habits:check_rollover_needed:76 - {'needs_rollover': True, 'records_to_rollover': [<models.HabitRecord object at 0x7f0e0133d0c0>, <models.HabitRecord object at 0x7f0e0133d060>, <models.HabitRecord object at 0x7f0e0133d150>], 'count': 3}
2025-07-02 03:37:46.208 | INFO     | crud:get_dashboard:12 - [<models.Habit object at 0x7f0e012eb4f0>, <models.Habit object at 0x7f0e0133c130>, <models.Habit object at 0x7f0e013905b0>, <models.Habit object at 0x7f0e013905e0>, <models.Habit object at 0x7f0e01390610>, <models.Habit object at 0x7f0e01390640>, <models.Habit object at 0x7f0e01390670>, <models.Habit object at 0x7f0e013906a0>]
2025-07-02 03:37:46.221 | INFO     | routers.habits:check_rollover_needed:76 - {'needs_rollover': True, 'records_to_rollover': [<models.HabitRecord object at 0x7f0e012eb6a0>, <models.HabitRecord object at 0x7f0e012eb640>, <models.HabitRecord object at 0x7f0e012ebd30>], 'count': 3}
2025-07-02 03:40:40.839 | INFO     | routers.habits:_check_rollover_needed:35 - checking rec with rec.period='day', rec.date_start=datetime.date(2025, 7, 1)
2025-07-02 03:40:40.847 | INFO     | routers.habits:_check_rollover_needed:35 - checking rec with rec.period='day', rec.date_start=datetime.date(2025, 7, 1)
2025-07-02 03:40:40.848 | INFO     | routers.habits:_check_rollover_needed:35 - checking rec with rec.period='day', rec.date_start=datetime.date(2025, 7, 1)
2025-07-02 03:40:40.849 | INFO     | routers.habits:_check_rollover_needed:35 - checking rec with rec.period='day', rec.date_start=datetime.date(2025, 7, 2)
2025-07-02 03:40:40.851 | INFO     | routers.habits:_check_rollover_needed:35 - checking rec with rec.period='day', rec.date_start=datetime.date(2025, 7, 2)
2025-07-02 03:40:40.852 | INFO     | routers.habits:_check_rollover_needed:35 - checking rec with rec.period='day', rec.date_start=datetime.date(2025, 7, 2)
2025-07-02 03:40:40.853 | INFO     | routers.habits:_check_rollover_needed:35 - checking rec with rec.period='day', rec.date_start=datetime.date(2025, 7, 2)
2025-07-02 03:40:40.853 | INFO     | routers.habits:_check_rollover_needed:35 - checking rec with rec.period='day', rec.date_start=datetime.date(2025, 7, 2)
2025-07-02 03:40:40.854 | INFO     | routers.habits:_check_rollover_needed:35 - checking rec with rec.period='day', rec.date_start=datetime.date(2025, 7, 2)
2025-07-02 03:40:40.855 | INFO     | routers.habits:_check_rollover_needed:35 - checking rec with rec.period='day', rec.date_start=datetime.date(2025, 7, 2)
2025-07-02 03:40:40.856 | INFO     | routers.habits:_check_rollover_needed:35 - checking rec with rec.period='day', rec.date_start=datetime.date(2025, 7, 2)
2025-07-02 03:40:40.857 | INFO     | routers.habits:_check_rollover_needed:35 - checking rec with rec.period='day', rec.date_start=datetime.date(2025, 7, 2)
2025-07-02 03:40:40.857 | INFO     | routers.habits:_check_rollover_needed:35 - checking rec with rec.period='day', rec.date_start=datetime.date(2025, 7, 2)
2025-07-02 03:40:40.858 | INFO     | routers.habits:_check_rollover_needed:35 - checking rec with rec.period='day', rec.date_start=datetime.date(2025, 7, 2)
2025-07-02 03:40:40.859 | INFO     | routers.habits:_check_rollover_needed:35 - checking rec with rec.period='day', rec.date_start=datetime.date(2025, 7, 2)
2025-07-02 03:40:40.860 | INFO     | routers.habits:_check_rollover_needed:35 - checking rec with rec.period='day', rec.date_start=datetime.date(2025, 7, 2)
2025-07-02 03:40:40.861 | INFO     | routers.habits:_check_rollover_needed:35 - checking rec with rec.period='day', rec.date_start=datetime.date(2025, 7, 2)
2025-07-02 03:40:40.862 | INFO     | routers.habits:_check_rollover_needed:35 - checking rec with rec.period='day', rec.date_start=datetime.date(2025, 7, 2)
2025-07-02 03:40:40.864 | INFO     | routers.habits:_check_rollover_needed:35 - checking rec with rec.period='day', rec.date_start=datetime.date(2025, 7, 2)
2025-07-02 03:40:40.864 | INFO     | routers.habits:check_rollover_needed:76 - {'needs_rollover': True, 'records_to_rollover': [<models.HabitRecord object at 0x7f13bc2050c0>, <models.HabitRecord object at 0x7f13bc205060>, <models.HabitRecord object at 0x7f13bc205150>], 'count': 3}
2025-07-02 03:42:46.882 | INFO     | routers.habits:_check_rollover_needed:35 - checking rec with rec.period='day', rec.date_start=datetime.date(2025, 7, 1)
2025-07-02 03:42:46.884 | INFO     | routers.habits:_check_rollover_needed:35 - checking rec with rec.period='day', rec.date_start=datetime.date(2025, 7, 1)
2025-07-02 03:42:46.885 | INFO     | routers.habits:_check_rollover_needed:35 - checking rec with rec.period='day', rec.date_start=datetime.date(2025, 7, 1)
2025-07-02 03:42:46.886 | INFO     | routers.habits:_check_rollover_needed:35 - checking rec with rec.period='day', rec.date_start=datetime.date(2025, 7, 2)
2025-07-02 03:42:46.886 | INFO     | routers.habits:_check_rollover_needed:35 - checking rec with rec.period='day', rec.date_start=datetime.date(2025, 7, 2)
2025-07-02 03:42:46.887 | INFO     | routers.habits:_check_rollover_needed:35 - checking rec with rec.period='day', rec.date_start=datetime.date(2025, 7, 2)
2025-07-02 03:42:46.888 | INFO     | routers.habits:_check_rollover_needed:35 - checking rec with rec.period='day', rec.date_start=datetime.date(2025, 7, 2)
2025-07-02 03:42:46.888 | INFO     | routers.habits:_check_rollover_needed:35 - checking rec with rec.period='day', rec.date_start=datetime.date(2025, 7, 2)
2025-07-02 03:42:46.889 | INFO     | routers.habits:_check_rollover_needed:35 - checking rec with rec.period='day', rec.date_start=datetime.date(2025, 7, 2)
2025-07-02 03:42:46.890 | INFO     | routers.habits:_check_rollover_needed:35 - checking rec with rec.period='day', rec.date_start=datetime.date(2025, 7, 2)
2025-07-02 03:42:46.890 | INFO     | routers.habits:_check_rollover_needed:35 - checking rec with rec.period='day', rec.date_start=datetime.date(2025, 7, 2)
2025-07-02 03:42:46.891 | INFO     | routers.habits:_check_rollover_needed:35 - checking rec with rec.period='day', rec.date_start=datetime.date(2025, 7, 2)
2025-07-02 03:42:46.892 | INFO     | routers.habits:_check_rollover_needed:35 - checking rec with rec.period='day', rec.date_start=datetime.date(2025, 7, 2)
2025-07-02 03:42:46.892 | INFO     | routers.habits:_check_rollover_needed:35 - checking rec with rec.period='day', rec.date_start=datetime.date(2025, 7, 2)
2025-07-02 03:42:46.893 | INFO     | routers.habits:_check_rollover_needed:35 - checking rec with rec.period='day', rec.date_start=datetime.date(2025, 7, 2)
2025-07-02 03:42:46.894 | INFO     | routers.habits:_check_rollover_needed:35 - checking rec with rec.period='day', rec.date_start=datetime.date(2025, 7, 2)
2025-07-02 03:42:46.894 | INFO     | routers.habits:_check_rollover_needed:35 - checking rec with rec.period='day', rec.date_start=datetime.date(2025, 7, 2)
2025-07-02 03:42:46.895 | INFO     | routers.habits:_check_rollover_needed:35 - checking rec with rec.period='day', rec.date_start=datetime.date(2025, 7, 2)
2025-07-02 03:42:46.896 | INFO     | routers.habits:_check_rollover_needed:35 - checking rec with rec.period='day', rec.date_start=datetime.date(2025, 7, 2)
2025-07-02 03:42:46.896 | INFO     | routers.habits:check_rollover_needed:76 - {'needs_rollover': True, 'records_to_rollover': [<models.HabitRecord object at 0x7f13bc206fb0>, <models.HabitRecord object at 0x7f13bc206a70>, <models.HabitRecord object at 0x7f13bc206b00>], 'count': 3}
2025-07-02 03:44:25.500 | INFO     | routers.habits:_check_rollover_needed:36 - checking rec with rec.period='day', rec.date_start=datetime.date(2025, 7, 2)
2025-07-02 03:44:25.502 | INFO     | routers.habits:_check_rollover_needed:36 - checking rec with rec.period='day', rec.date_start=datetime.date(2025, 7, 2)
2025-07-02 03:44:25.502 | INFO     | routers.habits:_check_rollover_needed:36 - checking rec with rec.period='day', rec.date_start=datetime.date(2025, 7, 2)
2025-07-02 03:44:25.503 | INFO     | routers.habits:_check_rollover_needed:36 - checking rec with rec.period='day', rec.date_start=datetime.date(2025, 7, 2)
2025-07-02 03:44:25.504 | INFO     | routers.habits:_check_rollover_needed:36 - checking rec with rec.period='day', rec.date_start=datetime.date(2025, 7, 2)
2025-07-02 03:44:25.505 | INFO     | routers.habits:_check_rollover_needed:36 - checking rec with rec.period='day', rec.date_start=datetime.date(2025, 7, 2)
2025-07-02 03:44:25.505 | INFO     | routers.habits:_check_rollover_needed:36 - checking rec with rec.period='day', rec.date_start=datetime.date(2025, 7, 2)
2025-07-02 03:44:25.506 | INFO     | routers.habits:_check_rollover_needed:36 - checking rec with rec.period='day', rec.date_start=datetime.date(2025, 7, 2)
2025-07-02 03:44:25.506 | INFO     | routers.habits:check_rollover_needed:78 - {'needs_rollover': False, 'records_to_rollover': [], 'count': 0}
2025-07-02 03:45:51.204 | INFO     | routers.habits:_check_rollover_needed:36 - checking rec with rec.period='day', rec.date_start=datetime.date(2025, 7, 2)
2025-07-02 03:45:51.210 | INFO     | routers.habits:_check_rollover_needed:36 - checking rec with rec.period='day', rec.date_start=datetime.date(2025, 7, 2)
2025-07-02 03:45:51.216 | INFO     | routers.habits:_check_rollover_needed:36 - checking rec with rec.period='day', rec.date_start=datetime.date(2025, 7, 2)
2025-07-02 03:45:51.217 | INFO     | routers.habits:_check_rollover_needed:36 - checking rec with rec.period='day', rec.date_start=datetime.date(2025, 7, 2)
2025-07-02 03:45:51.219 | INFO     | routers.habits:_check_rollover_needed:36 - checking rec with rec.period='day', rec.date_start=datetime.date(2025, 7, 2)
2025-07-02 03:45:51.220 | INFO     | routers.habits:_check_rollover_needed:36 - checking rec with rec.period='day', rec.date_start=datetime.date(2025, 7, 2)
2025-07-02 03:45:51.221 | INFO     | routers.habits:_check_rollover_needed:36 - checking rec with rec.period='day', rec.date_start=datetime.date(2025, 7, 2)
2025-07-02 03:45:51.222 | INFO     | routers.habits:_check_rollover_needed:36 - checking rec with rec.period='day', rec.date_start=datetime.date(2025, 7, 2)
2025-07-02 03:45:51.223 | INFO     | routers.habits:check_rollover_needed:78 - {'needs_rollover': True, 'records_to_rollover': [<models.HabitRecord object at 0x7f6e3467baf0>, <models.HabitRecord object at 0x7f6e3467bb50>, <models.HabitRecord object at 0x7f6e3467ba60>, <models.HabitRecord object at 0x7f6e3467ba30>, <models.HabitRecord object at 0x7f6e3467ba00>, <models.HabitRecord object at 0x7f6e3467b9d0>, <models.HabitRecord object at 0x7f6e3467b9a0>, <models.HabitRecord object at 0x7f6e3467b850>], 'count': 8}
2025-07-02 03:45:57.450 | INFO     | crud:update_record:48 - Update record: 1
2025-07-02 03:45:58.183 | INFO     | crud:update_record:48 - Update record: 1
2025-07-02 03:45:58.801 | INFO     | crud:update_record:48 - Update record: 1
2025-07-02 03:46:00.913 | INFO     | crud:update_record:48 - Update record: 1
2025-07-02 03:46:01.350 | INFO     | crud:update_record:48 - Update record: 1
2025-07-02 03:46:01.458 | INFO     | crud:update_record:48 - Update record: 2
2025-07-02 03:46:02.387 | INFO     | crud:update_record:48 - Update record: 1
2025-07-02 03:47:46.631 | INFO     | routers.habits:_check_rollover_needed:36 - checking rec with rec.period='day', rec.date_start=datetime.date(2025, 7, 2)
2025-07-02 03:47:46.638 | INFO     | routers.habits:_check_rollover_needed:36 - checking rec with rec.period='day', rec.date_start=datetime.date(2025, 7, 2)
2025-07-02 03:47:46.640 | INFO     | routers.habits:_check_rollover_needed:36 - checking rec with rec.period='day', rec.date_start=datetime.date(2025, 7, 2)
2025-07-02 03:47:46.641 | INFO     | routers.habits:_check_rollover_needed:36 - checking rec with rec.period='day', rec.date_start=datetime.date(2025, 7, 2)
2025-07-02 03:47:46.641 | INFO     | routers.habits:_check_rollover_needed:36 - checking rec with rec.period='day', rec.date_start=datetime.date(2025, 7, 2)
2025-07-02 03:47:46.642 | INFO     | routers.habits:_check_rollover_needed:36 - checking rec with rec.period='day', rec.date_start=datetime.date(2025, 7, 2)
2025-07-02 03:47:46.643 | INFO     | routers.habits:_check_rollover_needed:36 - checking rec with rec.period='day', rec.date_start=datetime.date(2025, 7, 2)
2025-07-02 03:47:46.644 | INFO     | routers.habits:_check_rollover_needed:36 - checking rec with rec.period='day', rec.date_start=datetime.date(2025, 7, 2)
2025-07-02 03:47:46.644 | INFO     | routers.habits:check_rollover_needed:78 - {'needs_rollover': True, 'records_to_rollover': [<models.HabitRecord object at 0x7f6e314d4d60>, <models.HabitRecord object at 0x7f6e314d4d30>, <models.HabitRecord object at 0x7f6e314d4df0>, <models.HabitRecord object at 0x7f6e314d4e20>, <models.HabitRecord object at 0x7f6e314d4e50>, <models.HabitRecord object at 0x7f6e314d4e80>, <models.HabitRecord object at 0x7f6e314d4eb0>, <models.HabitRecord object at 0x7f6e314d4ee0>], 'count': 8}
2025-07-02 03:47:48.184 | INFO     | routers.habits:_check_rollover_needed:36 - checking rec with rec.period='day', rec.date_start=datetime.date(2025, 7, 2)
2025-07-02 03:47:48.186 | INFO     | routers.habits:_check_rollover_needed:36 - checking rec with rec.period='day', rec.date_start=datetime.date(2025, 7, 2)
2025-07-02 03:47:48.186 | INFO     | routers.habits:_check_rollover_needed:36 - checking rec with rec.period='day', rec.date_start=datetime.date(2025, 7, 2)
2025-07-02 03:47:48.187 | INFO     | routers.habits:_check_rollover_needed:36 - checking rec with rec.period='day', rec.date_start=datetime.date(2025, 7, 2)
2025-07-02 03:47:48.188 | INFO     | routers.habits:_check_rollover_needed:36 - checking rec with rec.period='day', rec.date_start=datetime.date(2025, 7, 2)
2025-07-02 03:47:48.188 | INFO     | routers.habits:_check_rollover_needed:36 - checking rec with rec.period='day', rec.date_start=datetime.date(2025, 7, 2)
2025-07-02 03:47:48.189 | INFO     | routers.habits:_check_rollover_needed:36 - checking rec with rec.period='day', rec.date_start=datetime.date(2025, 7, 2)
2025-07-02 03:47:48.190 | INFO     | routers.habits:_check_rollover_needed:36 - checking rec with rec.period='day', rec.date_start=datetime.date(2025, 7, 2)
2025-07-02 03:47:50.831 | INFO     | crud:update_record:48 - Update record: 1
2025-07-02 03:47:51.678 | INFO     | crud:update_record:48 - Update record: 1
2025-07-02 03:47:51.839 | INFO     | crud:update_record:48 - Update record: 2
2025-07-02 03:47:52.851 | INFO     | crud:update_record:48 - Update record: 1
2025-07-02 03:47:54.189 | INFO     | routers.habits:_check_rollover_needed:36 - checking rec with rec.period='day', rec.date_start=datetime.date(2025, 7, 2)
2025-07-02 03:47:54.190 | INFO     | routers.habits:_check_rollover_needed:36 - checking rec with rec.period='day', rec.date_start=datetime.date(2025, 7, 2)
2025-07-02 03:47:54.191 | INFO     | routers.habits:_check_rollover_needed:36 - checking rec with rec.period='day', rec.date_start=datetime.date(2025, 7, 2)
2025-07-02 03:47:54.191 | INFO     | routers.habits:_check_rollover_needed:36 - checking rec with rec.period='day', rec.date_start=datetime.date(2025, 7, 2)
2025-07-02 03:47:54.192 | INFO     | routers.habits:_check_rollover_needed:36 - checking rec with rec.period='day', rec.date_start=datetime.date(2025, 7, 2)
2025-07-02 03:47:54.193 | INFO     | routers.habits:_check_rollover_needed:36 - checking rec with rec.period='day', rec.date_start=datetime.date(2025, 7, 2)
2025-07-02 03:47:54.193 | INFO     | routers.habits:_check_rollover_needed:36 - checking rec with rec.period='day', rec.date_start=datetime.date(2025, 7, 2)
2025-07-02 03:47:54.194 | INFO     | routers.habits:_check_rollover_needed:36 - checking rec with rec.period='day', rec.date_start=datetime.date(2025, 7, 2)
2025-07-02 03:47:54.194 | INFO     | routers.habits:check_rollover_needed:78 - {'needs_rollover': True, 'records_to_rollover': [<models.HabitRecord object at 0x7f6e314d5090>, <models.HabitRecord object at 0x7f6e314d4f10>, <models.HabitRecord object at 0x7f6e314d5480>, <models.HabitRecord object at 0x7f6e314d7070>, <models.HabitRecord object at 0x7f6e314d7c70>, <models.HabitRecord object at 0x7f6e314d7b20>, <models.HabitRecord object at 0x7f6e314d4ac0>, <models.HabitRecord object at 0x7f6e314d6f80>], 'count': 8}
2025-07-02 03:47:55.328 | INFO     | crud:update_record:48 - Update record: 2
2025-07-02 03:47:55.459 | INFO     | crud:update_record:48 - Update record: 3
2025-07-02 03:47:55.616 | INFO     | crud:update_record:48 - Update record: 4
2025-07-02 03:47:56.032 | INFO     | crud:update_record:48 - Update record: 3
2025-07-02 03:47:56.188 | INFO     | crud:update_record:48 - Update record: 4
2025-07-02 03:47:56.273 | INFO     | crud:update_record:48 - Update record: 4
2025-07-02 03:47:56.427 | INFO     | crud:update_record:48 - Update record: 5
2025-07-02 03:47:56.580 | INFO     | crud:update_record:48 - Update record: 6
2025-07-02 03:47:56.720 | INFO     | crud:update_record:48 - Update record: 7
2025-07-02 03:47:57.861 | INFO     | crud:update_record:48 - Update record: 2
2025-07-02 03:47:58.027 | INFO     | crud:update_record:48 - Update record: 3
2025-07-02 03:47:58.176 | INFO     | crud:update_record:48 - Update record: 4
2025-07-02 03:47:59.579 | INFO     | crud:update_record:48 - Update record: 1
2025-07-02 03:48:00.306 | INFO     | crud:update_record:48 - Update record: 1
2025-07-02 03:48:00.919 | INFO     | crud:update_record:48 - Update record: 1
2025-07-02 03:48:03.171 | INFO     | routers.habits:_check_rollover_needed:36 - checking rec with rec.period='day', rec.date_start=datetime.date(2025, 7, 2)
2025-07-02 03:48:03.172 | INFO     | routers.habits:_check_rollover_needed:36 - checking rec with rec.period='day', rec.date_start=datetime.date(2025, 7, 2)
2025-07-02 03:48:03.173 | INFO     | routers.habits:_check_rollover_needed:36 - checking rec with rec.period='day', rec.date_start=datetime.date(2025, 7, 2)
2025-07-02 03:48:03.174 | INFO     | routers.habits:_check_rollover_needed:36 - checking rec with rec.period='day', rec.date_start=datetime.date(2025, 7, 2)
2025-07-02 03:48:03.175 | INFO     | routers.habits:_check_rollover_needed:36 - checking rec with rec.period='day', rec.date_start=datetime.date(2025, 7, 2)
2025-07-02 03:48:03.175 | INFO     | routers.habits:_check_rollover_needed:36 - checking rec with rec.period='day', rec.date_start=datetime.date(2025, 7, 2)
2025-07-02 03:48:03.176 | INFO     | routers.habits:_check_rollover_needed:36 - checking rec with rec.period='day', rec.date_start=datetime.date(2025, 7, 2)
2025-07-02 03:48:03.177 | INFO     | routers.habits:_check_rollover_needed:36 - checking rec with rec.period='day', rec.date_start=datetime.date(2025, 7, 2)
2025-07-02 03:48:31.702 | INFO     | crud:update_habit:38 - Update habit
2025-07-02 03:48:31.703 | INFO     | crud:update_habit:40 - name
2025-07-02 03:48:31.703 | INFO     | crud:update_habit:40 - type
2025-07-02 03:48:31.704 | INFO     | crud:update_habit:40 - polarity
2025-07-02 03:48:31.704 | INFO     | crud:update_habit:40 - start_value
2025-07-02 03:48:31.704 | INFO     | crud:update_habit:40 - target
2025-07-02 03:48:31.704 | INFO     | crud:update_habit:40 - period
2025-07-02 03:48:31.705 | INFO     | crud:update_habit:40 - active
2025-07-02 03:49:49.297 | INFO     | routers.habits:_check_rollover_needed:36 - checking rec with rec.period='day', rec.date_start=datetime.date(2025, 7, 2)
2025-07-02 03:49:49.302 | INFO     | routers.habits:_check_rollover_needed:36 - checking rec with rec.period='day', rec.date_start=datetime.date(2025, 7, 2)
2025-07-02 03:49:49.303 | INFO     | routers.habits:_check_rollover_needed:36 - checking rec with rec.period='day', rec.date_start=datetime.date(2025, 7, 2)
2025-07-02 03:49:49.304 | INFO     | routers.habits:_check_rollover_needed:36 - checking rec with rec.period='day', rec.date_start=datetime.date(2025, 7, 2)
2025-07-02 03:49:49.305 | INFO     | routers.habits:_check_rollover_needed:36 - checking rec with rec.period='day', rec.date_start=datetime.date(2025, 7, 2)
2025-07-02 03:49:49.305 | INFO     | routers.habits:_check_rollover_needed:36 - checking rec with rec.period='day', rec.date_start=datetime.date(2025, 7, 2)
2025-07-02 03:49:49.306 | INFO     | routers.habits:_check_rollover_needed:36 - checking rec with rec.period='day', rec.date_start=datetime.date(2025, 7, 2)
2025-07-02 03:49:49.306 | INFO     | routers.habits:check_rollover_needed:78 - {'needs_rollover': True, 'records_to_rollover': [<models.HabitRecord object at 0x7f6e314fc910>, <models.HabitRecord object at 0x7f6e314fc8b0>, <models.HabitRecord object at 0x7f6e314fc9a0>, <models.HabitRecord object at 0x7f6e314fc9d0>, <models.HabitRecord object at 0x7f6e314fca00>, <models.HabitRecord object at 0x7f6e314fca30>, <models.HabitRecord object at 0x7f6e314fca60>], 'count': 7}
2025-07-02 03:50:26.875 | INFO     | routers.habits:_check_rollover_needed:36 - checking rec with rec.period='day', rec.date_start=datetime.date(2025, 7, 2)
2025-07-02 03:50:26.878 | INFO     | routers.habits:_check_rollover_needed:36 - checking rec with rec.period='day', rec.date_start=datetime.date(2025, 7, 2)
2025-07-02 03:50:26.880 | INFO     | routers.habits:_check_rollover_needed:36 - checking rec with rec.period='day', rec.date_start=datetime.date(2025, 7, 2)
2025-07-02 03:50:26.881 | INFO     | routers.habits:_check_rollover_needed:36 - checking rec with rec.period='day', rec.date_start=datetime.date(2025, 7, 2)
2025-07-02 03:50:26.884 | INFO     | routers.habits:_check_rollover_needed:36 - checking rec with rec.period='day', rec.date_start=datetime.date(2025, 7, 2)
2025-07-02 03:50:26.885 | INFO     | routers.habits:_check_rollover_needed:36 - checking rec with rec.period='day', rec.date_start=datetime.date(2025, 7, 2)
2025-07-02 03:50:26.886 | INFO     | routers.habits:_check_rollover_needed:36 - checking rec with rec.period='day', rec.date_start=datetime.date(2025, 7, 2)
2025-07-02 03:50:26.886 | INFO     | routers.habits:check_rollover_needed:78 - {'needs_rollover': True, 'records_to_rollover': [<models.HabitRecord object at 0x7f6e314fcf10>, <models.HabitRecord object at 0x7f6e314fd000>, <models.HabitRecord object at 0x7f6e314fcfd0>, <models.HabitRecord object at 0x7f6e314fc730>, <models.HabitRecord object at 0x7f6e314fcfa0>, <models.HabitRecord object at 0x7f6e314fc280>, <models.HabitRecord object at 0x7f6e314fc1f0>], 'count': 7}
2025-07-02 03:50:29.498 | INFO     | crud:update_record:48 - Update record: 1
2025-07-02 03:50:30.495 | INFO     | crud:update_record:48 - Update record: 0
2025-07-02 03:50:30.895 | INFO     | crud:update_record:48 - Update record: 1
2025-07-02 03:50:31.581 | INFO     | crud:update_record:48 - Update record: 1
2025-07-02 03:50:31.922 | INFO     | crud:update_record:48 - Update record: 0
2025-07-02 03:50:32.497 | INFO     | crud:update_record:48 - Update record: 1
2025-07-02 03:50:32.987 | INFO     | crud:update_record:48 - Update record: 1
2025-07-02 03:50:33.411 | INFO     | crud:update_record:48 - Update record: 1
2025-07-02 03:50:34.011 | INFO     | crud:update_record:48 - Update record: 1
2025-07-02 03:50:35.353 | INFO     | crud:update_record:48 - Update record: 0
2025-07-02 03:50:35.719 | INFO     | crud:update_record:48 - Update record: 0
2025-07-02 03:50:36.083 | INFO     | crud:update_record:48 - Update record: 0
2025-07-02 03:50:36.423 | INFO     | crud:update_record:48 - Update record: 0
2025-07-02 03:50:36.705 | INFO     | crud:update_record:48 - Update record: 0
2025-07-02 03:50:40.643 | INFO     | crud:update_record:48 - Update record: 1
2025-07-02 03:50:41.673 | INFO     | crud:update_record:48 - Update record: 0
2025-07-02 03:50:42.190 | INFO     | crud:update_record:48 - Update record: 1
2025-07-02 03:50:42.611 | INFO     | crud:update_record:48 - Update record: 0
2025-07-02 03:50:43.503 | INFO     | crud:update_record:48 - Update record: 1
2025-07-02 03:50:43.897 | INFO     | crud:update_record:48 - Update record: 1
2025-07-02 03:50:44.417 | INFO     | crud:update_record:48 - Update record: 0
2025-07-02 03:50:45.015 | INFO     | crud:update_record:48 - Update record: 1
2025-07-02 03:50:45.598 | INFO     | crud:update_record:48 - Update record: 0
2025-07-02 03:50:46.180 | INFO     | crud:update_record:48 - Update record: 1
2025-07-02 03:50:46.864 | INFO     | crud:update_record:48 - Update record: 0
2025-07-02 03:50:54.623 | INFO     | crud:update_record:48 - Update record: 1
2025-07-02 03:50:55.206 | INFO     | crud:update_record:48 - Update record: 0
2025-07-02 03:51:05.457 | INFO     | crud:update_record:48 - Update record: 1
2025-07-02 03:51:05.938 | INFO     | crud:update_record:48 - Update record: 1
2025-07-02 03:51:06.834 | INFO     | crud:update_record:48 - Update record: 1
2025-07-02 03:51:07.197 | INFO     | crud:update_record:48 - Update record: 1
2025-07-02 03:51:07.632 | INFO     | crud:update_record:48 - Update record: 1
2025-07-02 03:51:08.095 | INFO     | crud:update_record:48 - Update record: 1
2025-07-02 03:51:08.310 | INFO     | crud:update_record:48 - Update record: 1
2025-07-02 03:51:09.612 | INFO     | routers.habits:_check_rollover_needed:36 - checking rec with rec.period='day', rec.date_start=datetime.date(2025, 7, 2)
2025-07-02 03:51:09.613 | INFO     | routers.habits:_check_rollover_needed:36 - checking rec with rec.period='day', rec.date_start=datetime.date(2025, 7, 2)
2025-07-02 03:51:09.613 | INFO     | routers.habits:_check_rollover_needed:36 - checking rec with rec.period='day', rec.date_start=datetime.date(2025, 7, 2)
2025-07-02 03:51:09.614 | INFO     | routers.habits:_check_rollover_needed:36 - checking rec with rec.period='day', rec.date_start=datetime.date(2025, 7, 2)
2025-07-02 03:51:09.614 | INFO     | routers.habits:_check_rollover_needed:36 - checking rec with rec.period='day', rec.date_start=datetime.date(2025, 7, 2)
2025-07-02 03:51:09.615 | INFO     | routers.habits:_check_rollover_needed:36 - checking rec with rec.period='day', rec.date_start=datetime.date(2025, 7, 2)
2025-07-02 03:51:09.616 | INFO     | routers.habits:_check_rollover_needed:36 - checking rec with rec.period='day', rec.date_start=datetime.date(2025, 7, 2)
2025-07-02 03:54:52.826 | INFO     | routers.habits:_check_rollover_needed:36 - checking rec with rec.period='day', rec.date_start=datetime.date(2025, 7, 2)
2025-07-02 03:54:52.829 | INFO     | routers.habits:_check_rollover_needed:36 - checking rec with rec.period='day', rec.date_start=datetime.date(2025, 7, 2)
2025-07-02 03:54:52.830 | INFO     | routers.habits:_check_rollover_needed:36 - checking rec with rec.period='day', rec.date_start=datetime.date(2025, 7, 2)
2025-07-02 03:54:52.830 | INFO     | routers.habits:_check_rollover_needed:36 - checking rec with rec.period='day', rec.date_start=datetime.date(2025, 7, 2)
2025-07-02 03:54:52.831 | INFO     | routers.habits:_check_rollover_needed:36 - checking rec with rec.period='day', rec.date_start=datetime.date(2025, 7, 2)
2025-07-02 03:54:52.832 | INFO     | routers.habits:_check_rollover_needed:36 - checking rec with rec.period='day', rec.date_start=datetime.date(2025, 7, 2)
2025-07-02 03:54:52.833 | INFO     | routers.habits:_check_rollover_needed:36 - checking rec with rec.period='day', rec.date_start=datetime.date(2025, 7, 2)
2025-07-02 03:54:52.833 | INFO     | routers.habits:check_rollover_needed:78 - {'needs_rollover': True, 'records_to_rollover': [<models.HabitRecord object at 0x7fab05780790>, <models.HabitRecord object at 0x7fab05780730>, <models.HabitRecord object at 0x7fab05780820>, <models.HabitRecord object at 0x7fab05780850>, <models.HabitRecord object at 0x7fab05780880>, <models.HabitRecord object at 0x7fab057808b0>, <models.HabitRecord object at 0x7fab057808e0>], 'count': 7}
2025-07-02 03:55:47.218 | INFO     | routers.habits:_check_rollover_needed:36 - checking rec with rec.period='day', rec.date_start=datetime.date(2025, 7, 2)
2025-07-02 03:55:47.220 | INFO     | routers.habits:_check_rollover_needed:36 - checking rec with rec.period='day', rec.date_start=datetime.date(2025, 7, 2)
2025-07-02 03:55:47.221 | INFO     | routers.habits:_check_rollover_needed:36 - checking rec with rec.period='day', rec.date_start=datetime.date(2025, 7, 2)
2025-07-02 03:55:47.222 | INFO     | routers.habits:_check_rollover_needed:36 - checking rec with rec.period='day', rec.date_start=datetime.date(2025, 7, 2)
2025-07-02 03:55:47.223 | INFO     | routers.habits:_check_rollover_needed:36 - checking rec with rec.period='day', rec.date_start=datetime.date(2025, 7, 2)
2025-07-02 03:55:47.224 | INFO     | routers.habits:_check_rollover_needed:36 - checking rec with rec.period='day', rec.date_start=datetime.date(2025, 7, 2)
2025-07-02 03:55:47.224 | INFO     | routers.habits:_check_rollover_needed:36 - checking rec with rec.period='day', rec.date_start=datetime.date(2025, 7, 2)
2025-07-02 03:55:47.225 | INFO     | routers.habits:_check_rollover_needed:36 - checking rec with rec.period='day', rec.date_start=datetime.date(2025, 7, 2)
2025-07-02 03:55:47.226 | INFO     | routers.habits:check_rollover_needed:78 - {'needs_rollover': True, 'records_to_rollover': [<models.HabitRecord object at 0x7fab0787f820>, <models.HabitRecord object at 0x7fab0787f850>, <models.HabitRecord object at 0x7fab0787f7f0>, <models.HabitRecord object at 0x7fab0787f910>, <models.HabitRecord object at 0x7fab0787f970>, <models.HabitRecord object at 0x7fab0787f880>, <models.HabitRecord object at 0x7fab0787f8b0>, <models.HabitRecord object at 0x7fab0787f8e0>], 'count': 8}
